2025-01-09 16:04:03,156 [.NET ThreadPool Worker] INFO  Microsoft.AspNetCore.Hosting.Diagnostics - Request starting HTTP/2 OPTIONS https://localhost:5001/v1/api/employees?page=1&itemsPerPage=100 - -
2025-01-09 16:04:03,159 [.NET ThreadPool Worker] INFO  Microsoft.AspNetCore.Cors.Infrastructure.CorsService - CORS policy execution successful.
2025-01-09 16:04:03,159 [.NET ThreadPool Worker] INFO  Microsoft.AspNetCore.Hosting.Diagnostics - Request finished HTTP/2 OPTIONS https://localhost:5001/v1/api/employees?page=1&itemsPerPage=100 - - - 204 - - 3.2967ms
2025-01-09 16:04:03,159 [.NET ThreadPool Worker] INFO  Microsoft.AspNetCore.Hosting.Diagnostics - Request starting HTTP/2 OPTIONS https://localhost:5001/v1/api/employees?page=1&itemsPerPage=20 - -
2025-01-09 16:04:03,166 [.NET ThreadPool Worker] INFO  Microsoft.AspNetCore.Cors.Infrastructure.CorsService - CORS policy execution successful.
2025-01-09 16:04:03,167 [.NET ThreadPool Worker] INFO  Microsoft.AspNetCore.Hosting.Diagnostics - Request finished HTTP/2 OPTIONS https://localhost:5001/v1/api/employees?page=1&itemsPerPage=20 - - - 204 - - 7.4135ms
2025-01-09 16:04:03,167 [.NET ThreadPool Worker] INFO  Microsoft.AspNetCore.Hosting.Diagnostics - Request starting HTTP/2 OPTIONS https://localhost:5001/v1/api/employees?page=1&itemsPerPage=100 - -
2025-01-09 16:04:03,167 [.NET ThreadPool Worker] INFO  Microsoft.AspNetCore.Cors.Infrastructure.CorsService - CORS policy execution successful.
2025-01-09 16:04:03,167 [.NET ThreadPool Worker] INFO  Microsoft.AspNetCore.Hosting.Diagnostics - Request finished HTTP/2 OPTIONS https://localhost:5001/v1/api/employees?page=1&itemsPerPage=100 - - - 204 - - 0.3585ms
2025-01-09 16:04:03,168 [.NET ThreadPool Worker] INFO  Microsoft.AspNetCore.Hosting.Diagnostics - Request starting HTTP/2 OPTIONS https://localhost:5001/v1/api/employees?page=1&itemsPerPage=20 - -
2025-01-09 16:04:03,168 [.NET ThreadPool Worker] INFO  Microsoft.AspNetCore.Cors.Infrastructure.CorsService - CORS policy execution successful.
2025-01-09 16:04:03,168 [.NET ThreadPool Worker] INFO  Microsoft.AspNetCore.Hosting.Diagnostics - Request finished HTTP/2 OPTIONS https://localhost:5001/v1/api/employees?page=1&itemsPerPage=20 - - - 204 - - 0.2235ms
2025-01-09 16:04:03,229 [.NET ThreadPool Worker] INFO  Microsoft.AspNetCore.Hosting.Diagnostics - Request starting HTTP/2 GET https://localhost:5001/v1/api/employees?page=1&itemsPerPage=100 - -
2025-01-09 16:04:03,230 [.NET ThreadPool Worker] INFO  Microsoft.AspNetCore.Cors.Infrastructure.CorsService - CORS policy execution successful.
2025-01-09 16:04:03,233 [.NET ThreadPool Worker] INFO  Microsoft.AspNetCore.Authentication.JwtBearer.JwtBearerHandler - Successfully validated the token.
2025-01-09 16:04:03,233 [.NET ThreadPool Worker] INFO  Microsoft.AspNetCore.Mvc.Infrastructure.ControllerActionInvoker - Route matched with {action = "Get", controller = "Employees"}. Executing controller action with signature Microsoft.AspNetCore.Mvc.ActionResult Get(Int32, Int32, System.String) on controller StudentApp.API.Controllers.EmployeesController (StudentApp.API).
2025-01-09 16:04:03,239 [.NET ThreadPool Worker] INFO  Microsoft.AspNetCore.Hosting.Diagnostics - Request starting HTTP/2 GET https://localhost:5001/v1/api/employees?page=1&itemsPerPage=20 - -
2025-01-09 16:04:03,239 [.NET ThreadPool Worker] INFO  Microsoft.AspNetCore.Cors.Infrastructure.CorsService - CORS policy execution successful.
2025-01-09 16:04:03,240 [.NET ThreadPool Worker] INFO  Microsoft.AspNetCore.Authentication.JwtBearer.JwtBearerHandler - Successfully validated the token.
2025-01-09 16:04:03,240 [.NET ThreadPool Worker] INFO  Microsoft.AspNetCore.Mvc.Infrastructure.ControllerActionInvoker - Route matched with {action = "Get", controller = "Employees"}. Executing controller action with signature Microsoft.AspNetCore.Mvc.ActionResult Get(Int32, Int32, System.String) on controller StudentApp.API.Controllers.EmployeesController (StudentApp.API).
2025-01-09 16:04:03,254 [.NET ThreadPool Worker] INFO  Microsoft.AspNetCore.Mvc.Infrastructure.ObjectResultExecutor - Executing OkObjectResult, writing value of type 'StudentApp.Utility.APIResponse'.
2025-01-09 16:04:03,254 [.NET ThreadPool Worker] INFO  Microsoft.AspNetCore.Mvc.Infrastructure.ObjectResultExecutor - Executing OkObjectResult, writing value of type 'StudentApp.Utility.APIResponse'.
2025-01-09 16:04:03,254 [.NET ThreadPool Worker] INFO  Microsoft.AspNetCore.Mvc.Infrastructure.ControllerActionInvoker - Executed action StudentApp.API.Controllers.EmployeesController.Get (StudentApp.API) in 13.6822ms
2025-01-09 16:04:03,255 [.NET ThreadPool Worker] INFO  Microsoft.AspNetCore.Hosting.Diagnostics - Request finished HTTP/2 GET https://localhost:5001/v1/api/employees?page=1&itemsPerPage=20 - - - 200 - application/json;+charset=utf-8 16.0159ms
2025-01-09 16:04:03,255 [.NET ThreadPool Worker] INFO  Microsoft.AspNetCore.Mvc.Infrastructure.ControllerActionInvoker - Executed action StudentApp.API.Controllers.EmployeesController.Get (StudentApp.API) in 21.4413ms
2025-01-09 16:04:03,255 [.NET ThreadPool Worker] INFO  Microsoft.AspNetCore.Hosting.Diagnostics - Request finished HTTP/2 GET https://localhost:5001/v1/api/employees?page=1&itemsPerPage=100 - - - 200 - application/json;+charset=utf-8 25.8897ms
2025-01-09 16:04:03,261 [.NET ThreadPool Worker] INFO  Microsoft.AspNetCore.Hosting.Diagnostics - Request starting HTTP/2 GET https://localhost:5001/v1/api/employees?page=1&itemsPerPage=20 - -
2025-01-09 16:04:03,261 [.NET ThreadPool Worker] INFO  Microsoft.AspNetCore.Cors.Infrastructure.CorsService - CORS policy execution successful.
2025-01-09 16:04:03,262 [.NET ThreadPool Worker] INFO  Microsoft.AspNetCore.Hosting.Diagnostics - Request starting HTTP/2 GET https://localhost:5001/v1/api/employees?page=1&itemsPerPage=100 - -
2025-01-09 16:04:03,262 [.NET ThreadPool Worker] INFO  Microsoft.AspNetCore.Authentication.JwtBearer.JwtBearerHandler - Successfully validated the token.
2025-01-09 16:04:03,262 [.NET ThreadPool Worker] INFO  Microsoft.AspNetCore.Cors.Infrastructure.CorsService - CORS policy execution successful.
2025-01-09 16:04:03,262 [.NET ThreadPool Worker] INFO  Microsoft.AspNetCore.Mvc.Infrastructure.ControllerActionInvoker - Route matched with {action = "Get", controller = "Employees"}. Executing controller action with signature Microsoft.AspNetCore.Mvc.ActionResult Get(Int32, Int32, System.String) on controller StudentApp.API.Controllers.EmployeesController (StudentApp.API).
2025-01-09 16:04:03,263 [.NET ThreadPool Worker] INFO  Microsoft.AspNetCore.Authentication.JwtBearer.JwtBearerHandler - Successfully validated the token.
2025-01-09 16:04:03,263 [.NET ThreadPool Worker] INFO  Microsoft.AspNetCore.Mvc.Infrastructure.ControllerActionInvoker - Route matched with {action = "Get", controller = "Employees"}. Executing controller action with signature Microsoft.AspNetCore.Mvc.ActionResult Get(Int32, Int32, System.String) on controller StudentApp.API.Controllers.EmployeesController (StudentApp.API).
2025-01-09 16:04:03,280 [.NET ThreadPool Worker] INFO  Microsoft.AspNetCore.Mvc.Infrastructure.ObjectResultExecutor - Executing OkObjectResult, writing value of type 'StudentApp.Utility.APIResponse'.
2025-01-09 16:04:03,280 [.NET ThreadPool Worker] INFO  Microsoft.AspNetCore.Mvc.Infrastructure.ControllerActionInvoker - Executed action StudentApp.API.Controllers.EmployeesController.Get (StudentApp.API) in 17.4767ms
2025-01-09 16:04:03,280 [.NET ThreadPool Worker] INFO  Microsoft.AspNetCore.Hosting.Diagnostics - Request finished HTTP/2 GET https://localhost:5001/v1/api/employees?page=1&itemsPerPage=20 - - - 200 - application/json;+charset=utf-8 19.2205ms
2025-01-09 16:04:03,284 [.NET ThreadPool Worker] INFO  Microsoft.AspNetCore.Mvc.Infrastructure.ObjectResultExecutor - Executing OkObjectResult, writing value of type 'StudentApp.Utility.APIResponse'.
2025-01-09 16:04:03,284 [.NET ThreadPool Worker] INFO  Microsoft.AspNetCore.Mvc.Infrastructure.ControllerActionInvoker - Executed action StudentApp.API.Controllers.EmployeesController.Get (StudentApp.API) in 20.1999ms
2025-01-09 16:04:03,284 [.NET ThreadPool Worker] INFO  Microsoft.AspNetCore.Hosting.Diagnostics - Request finished HTTP/2 GET https://localhost:5001/v1/api/employees?page=1&itemsPerPage=100 - - - 200 - application/json;+charset=utf-8 22.2062ms
2025-01-09 16:04:08,990 [.NET ThreadPool Worker] INFO  Microsoft.AspNetCore.Hosting.Diagnostics - Request starting HTTP/2 OPTIONS https://localhost:5001/v1/api/employees?page=1&itemsPerPage=1 - -
2025-01-09 16:04:08,990 [.NET ThreadPool Worker] INFO  Microsoft.AspNetCore.Cors.Infrastructure.CorsService - CORS policy execution successful.
2025-01-09 16:04:08,991 [.NET ThreadPool Worker] INFO  Microsoft.AspNetCore.Hosting.Diagnostics - Request finished HTTP/2 OPTIONS https://localhost:5001/v1/api/employees?page=1&itemsPerPage=1 - - - 204 - - 1.3953ms
2025-01-09 16:04:09,004 [.NET ThreadPool Worker] INFO  Microsoft.AspNetCore.Hosting.Diagnostics - Request starting HTTP/2 GET https://localhost:5001/v1/api/employees?page=1&itemsPerPage=1 - -
2025-01-09 16:04:09,004 [.NET ThreadPool Worker] INFO  Microsoft.AspNetCore.Cors.Infrastructure.CorsService - CORS policy execution successful.
2025-01-09 16:04:09,005 [.NET ThreadPool Worker] INFO  Microsoft.AspNetCore.Authentication.JwtBearer.JwtBearerHandler - Successfully validated the token.
2025-01-09 16:04:09,011 [.NET ThreadPool Worker] INFO  Microsoft.AspNetCore.Mvc.Infrastructure.ControllerActionInvoker - Route matched with {action = "Get", controller = "Employees"}. Executing controller action with signature Microsoft.AspNetCore.Mvc.ActionResult Get(Int32, Int32, System.String) on controller StudentApp.API.Controllers.EmployeesController (StudentApp.API).
2025-01-09 16:04:09,051 [.NET ThreadPool Worker] INFO  Microsoft.AspNetCore.Mvc.Infrastructure.ObjectResultExecutor - Executing OkObjectResult, writing value of type 'StudentApp.Utility.APIResponse'.
2025-01-09 16:04:09,052 [.NET ThreadPool Worker] INFO  Microsoft.AspNetCore.Mvc.Infrastructure.ControllerActionInvoker - Executed action StudentApp.API.Controllers.EmployeesController.Get (StudentApp.API) in 39.8711ms
2025-01-09 16:04:09,052 [.NET ThreadPool Worker] INFO  Microsoft.AspNetCore.Hosting.Diagnostics - Request finished HTTP/2 GET https://localhost:5001/v1/api/employees?page=1&itemsPerPage=1 - - - 200 - application/json;+charset=utf-8 48.7532ms
2025-01-09 16:04:10,689 [.NET ThreadPool Worker] INFO  Microsoft.AspNetCore.Hosting.Diagnostics - Request starting HTTP/2 GET https://localhost:5001/v1/api/employees?page=1&itemsPerPage=1 - -
2025-01-09 16:04:10,691 [.NET ThreadPool Worker] INFO  Microsoft.AspNetCore.Cors.Infrastructure.CorsService - CORS policy execution successful.
2025-01-09 16:04:10,691 [.NET ThreadPool Worker] INFO  Microsoft.AspNetCore.Authentication.JwtBearer.JwtBearerHandler - Successfully validated the token.
2025-01-09 16:04:10,692 [.NET ThreadPool Worker] INFO  Microsoft.AspNetCore.Mvc.Infrastructure.ControllerActionInvoker - Route matched with {action = "Get", controller = "Employees"}. Executing controller action with signature Microsoft.AspNetCore.Mvc.ActionResult Get(Int32, Int32, System.String) on controller StudentApp.API.Controllers.EmployeesController (StudentApp.API).
2025-01-09 16:04:10,861 [.NET ThreadPool Worker] INFO  Microsoft.AspNetCore.Mvc.Infrastructure.ObjectResultExecutor - Executing OkObjectResult, writing value of type 'StudentApp.Utility.APIResponse'.
2025-01-09 16:04:10,862 [.NET ThreadPool Worker] INFO  Microsoft.AspNetCore.Mvc.Infrastructure.ControllerActionInvoker - Executed action StudentApp.API.Controllers.EmployeesController.Get (StudentApp.API) in 169.4983ms
2025-01-09 16:04:10,862 [.NET ThreadPool Worker] INFO  Microsoft.AspNetCore.Hosting.Diagnostics - Request finished HTTP/2 GET https://localhost:5001/v1/api/employees?page=1&itemsPerPage=1 - - - 200 - application/json;+charset=utf-8 173.3311ms
2025-01-09 16:04:12,516 [.NET ThreadPool Worker] INFO  Microsoft.AspNetCore.Hosting.Diagnostics - Request starting HTTP/2 OPTIONS https://localhost:5001/v1/api/employees?page=2&itemsPerPage=1 - -
2025-01-09 16:04:12,517 [.NET ThreadPool Worker] INFO  Microsoft.AspNetCore.Cors.Infrastructure.CorsService - CORS policy execution successful.
2025-01-09 16:04:12,517 [.NET ThreadPool Worker] INFO  Microsoft.AspNetCore.Hosting.Diagnostics - Request finished HTTP/2 OPTIONS https://localhost:5001/v1/api/employees?page=2&itemsPerPage=1 - - - 204 - - 2.2248ms
2025-01-09 16:04:12,524 [.NET ThreadPool Worker] INFO  Microsoft.AspNetCore.Hosting.Diagnostics - Request starting HTTP/2 GET https://localhost:5001/v1/api/employees?page=2&itemsPerPage=1 - -
2025-01-09 16:04:12,524 [.NET ThreadPool Worker] INFO  Microsoft.AspNetCore.Cors.Infrastructure.CorsService - CORS policy execution successful.
2025-01-09 16:04:12,525 [.NET ThreadPool Worker] INFO  Microsoft.AspNetCore.Authentication.JwtBearer.JwtBearerHandler - Successfully validated the token.
2025-01-09 16:04:12,526 [.NET ThreadPool Worker] INFO  Microsoft.AspNetCore.Mvc.Infrastructure.ControllerActionInvoker - Route matched with {action = "Get", controller = "Employees"}. Executing controller action with signature Microsoft.AspNetCore.Mvc.ActionResult Get(Int32, Int32, System.String) on controller StudentApp.API.Controllers.EmployeesController (StudentApp.API).
2025-01-09 16:04:12,564 [.NET ThreadPool Worker] INFO  Microsoft.AspNetCore.Mvc.Infrastructure.ObjectResultExecutor - Executing OkObjectResult, writing value of type 'StudentApp.Utility.APIResponse'.
2025-01-09 16:04:12,565 [.NET ThreadPool Worker] INFO  Microsoft.AspNetCore.Mvc.Infrastructure.ControllerActionInvoker - Executed action StudentApp.API.Controllers.EmployeesController.Get (StudentApp.API) in 38.3326ms
2025-01-09 16:04:12,565 [.NET ThreadPool Worker] INFO  Microsoft.AspNetCore.Hosting.Diagnostics - Request finished HTTP/2 GET https://localhost:5001/v1/api/employees?page=2&itemsPerPage=1 - - - 200 - application/json;+charset=utf-8 40.4773ms
2025-01-09 16:04:16,483 [.NET ThreadPool Worker] INFO  Microsoft.AspNetCore.Hosting.Diagnostics - Request starting HTTP/2 OPTIONS https://localhost:5001/v1/api/employees?page=1&itemsPerPage=1 - -
2025-01-09 16:04:16,485 [.NET ThreadPool Worker] INFO  Microsoft.AspNetCore.Cors.Infrastructure.CorsService - CORS policy execution successful.
2025-01-09 16:04:16,486 [.NET ThreadPool Worker] INFO  Microsoft.AspNetCore.Hosting.Diagnostics - Request finished HTTP/2 OPTIONS https://localhost:5001/v1/api/employees?page=1&itemsPerPage=1 - - - 204 - - 2.8613ms
2025-01-09 16:04:16,490 [.NET ThreadPool Worker] INFO  Microsoft.AspNetCore.Hosting.Diagnostics - Request starting HTTP/2 GET https://localhost:5001/v1/api/employees?page=1&itemsPerPage=1 - -
2025-01-09 16:04:16,490 [.NET ThreadPool Worker] INFO  Microsoft.AspNetCore.Cors.Infrastructure.CorsService - CORS policy execution successful.
2025-01-09 16:04:16,491 [.NET ThreadPool Worker] INFO  Microsoft.AspNetCore.Authentication.JwtBearer.JwtBearerHandler - Successfully validated the token.
2025-01-09 16:04:16,491 [.NET ThreadPool Worker] INFO  Microsoft.AspNetCore.Mvc.Infrastructure.ControllerActionInvoker - Route matched with {action = "Get", controller = "Employees"}. Executing controller action with signature Microsoft.AspNetCore.Mvc.ActionResult Get(Int32, Int32, System.String) on controller StudentApp.API.Controllers.EmployeesController (StudentApp.API).
2025-01-09 16:04:16,529 [.NET ThreadPool Worker] INFO  Microsoft.AspNetCore.Mvc.Infrastructure.ObjectResultExecutor - Executing OkObjectResult, writing value of type 'StudentApp.Utility.APIResponse'.
2025-01-09 16:04:16,529 [.NET ThreadPool Worker] INFO  Microsoft.AspNetCore.Mvc.Infrastructure.ControllerActionInvoker - Executed action StudentApp.API.Controllers.EmployeesController.Get (StudentApp.API) in 37.3365ms
2025-01-09 16:04:16,529 [.NET ThreadPool Worker] INFO  Microsoft.AspNetCore.Hosting.Diagnostics - Request finished HTTP/2 GET https://localhost:5001/v1/api/employees?page=1&itemsPerPage=1 - - - 200 - application/json;+charset=utf-8 38.9729ms
