2025-01-09 16:03:00,032 [.NET ThreadPool Worker] INFO  Microsoft.AspNetCore.Hosting.Diagnostics - Request starting HTTP/2 GET https://localhost:5001/v1/api/employees?page=1&itemsPerPage=100 - -
2025-01-09 16:03:00,036 [.NET ThreadPool Worker] INFO  Microsoft.AspNetCore.Cors.Infrastructure.CorsService - CORS policy execution successful.
2025-01-09 16:03:00,049 [.NET ThreadPool Worker] INFO  Microsoft.AspNetCore.Hosting.Diagnostics - Request starting HTTP/2 GET https://localhost:5001/v1/api/employees?page=1&itemsPerPage=20 - -
2025-01-09 16:03:00,071 [.NET ThreadPool Worker] INFO  Microsoft.AspNetCore.Cors.Infrastructure.CorsService - CORS policy execution successful.
2025-01-09 16:03:00,071 [.NET ThreadPool Worker] INFO  Microsoft.AspNetCore.Authentication.JwtBearer.JwtBearerHandler - Successfully validated the token.
2025-01-09 16:03:00,071 [.NET ThreadPool Worker] INFO  Microsoft.AspNetCore.Mvc.Infrastructure.ControllerActionInvoker - Route matched with {action = "Get", controller = "Employees"}. Executing controller action with signature Microsoft.AspNetCore.Mvc.ActionResult Get(Int32, Int32, System.String) on controller StudentApp.API.Controllers.EmployeesController (StudentApp.API).
2025-01-09 16:03:00,072 [.NET ThreadPool Worker] INFO  Microsoft.AspNetCore.Authentication.JwtBearer.JwtBearerHandler - Successfully validated the token.
2025-01-09 16:03:00,072 [.NET ThreadPool Worker] INFO  Microsoft.AspNetCore.Mvc.Infrastructure.ControllerActionInvoker - Route matched with {action = "Get", controller = "Employees"}. Executing controller action with signature Microsoft.AspNetCore.Mvc.ActionResult Get(Int32, Int32, System.String) on controller StudentApp.API.Controllers.EmployeesController (StudentApp.API).
2025-01-09 16:03:00,126 [.NET ThreadPool Worker] INFO  Microsoft.AspNetCore.Mvc.Infrastructure.ObjectResultExecutor - Executing OkObjectResult, writing value of type 'StudentApp.Utility.APIResponse'.
2025-01-09 16:03:00,126 [.NET ThreadPool Worker] INFO  Microsoft.AspNetCore.Mvc.Infrastructure.ControllerActionInvoker - Executed action StudentApp.API.Controllers.EmployeesController.Get (StudentApp.API) in 55.0571ms
2025-01-09 16:03:00,127 [.NET ThreadPool Worker] INFO  Microsoft.AspNetCore.Hosting.Diagnostics - Request finished HTTP/2 GET https://localhost:5001/v1/api/employees?page=1&itemsPerPage=20 - - - 200 - application/json;+charset=utf-8 77.4127ms
2025-01-09 16:03:00,144 [.NET ThreadPool Worker] INFO  Microsoft.AspNetCore.Mvc.Infrastructure.ObjectResultExecutor - Executing OkObjectResult, writing value of type 'StudentApp.Utility.APIResponse'.
2025-01-09 16:03:00,145 [.NET ThreadPool Worker] INFO  Microsoft.AspNetCore.Mvc.Infrastructure.ControllerActionInvoker - Executed action StudentApp.API.Controllers.EmployeesController.Get (StudentApp.API) in 71.7262ms
2025-01-09 16:03:00,145 [.NET ThreadPool Worker] INFO  Microsoft.AspNetCore.Hosting.Diagnostics - Request finished HTTP/2 GET https://localhost:5001/v1/api/employees?page=1&itemsPerPage=100 - - - 200 - application/json;+charset=utf-8 113.3026ms
2025-01-09 16:03:12,840 [.NET ThreadPool Worker] INFO  Microsoft.AspNetCore.Hosting.Diagnostics - Request starting HTTP/2 OPTIONS https://localhost:5001/v1/api/employees/1/ - -
2025-01-09 16:03:12,840 [.NET ThreadPool Worker] INFO  Microsoft.AspNetCore.Cors.Infrastructure.CorsService - CORS policy execution successful.
2025-01-09 16:03:12,840 [.NET ThreadPool Worker] INFO  Microsoft.AspNetCore.Hosting.Diagnostics - Request finished HTTP/2 OPTIONS https://localhost:5001/v1/api/employees/1/ - - - 204 - - 1.0398ms
2025-01-09 16:03:12,852 [.NET ThreadPool Worker] INFO  Microsoft.AspNetCore.Hosting.Diagnostics - Request starting HTTP/2 PUT https://localhost:5001/v1/api/employees/1/ application/json 258
2025-01-09 16:03:12,852 [.NET ThreadPool Worker] INFO  Microsoft.AspNetCore.Cors.Infrastructure.CorsService - CORS policy execution successful.
2025-01-09 16:03:12,852 [.NET ThreadPool Worker] INFO  Microsoft.AspNetCore.Authentication.JwtBearer.JwtBearerHandler - Successfully validated the token.
2025-01-09 16:03:12,867 [.NET ThreadPool Worker] INFO  Microsoft.AspNetCore.Mvc.Infrastructure.ControllerActionInvoker - Route matched with {action = "Put", controller = "Employees"}. Executing controller action with signature Microsoft.AspNetCore.Mvc.ActionResult Put(Int32, StudentApp.Model.EmployeesModel) on controller StudentApp.API.Controllers.EmployeesController (StudentApp.API).
2025-01-09 16:03:12,889 [.NET ThreadPool Worker] INFO  Microsoft.AspNetCore.Mvc.Infrastructure.ObjectResultExecutor - Executing OkObjectResult, writing value of type 'StudentApp.Utility.APIResponse'.
2025-01-09 16:03:12,890 [.NET ThreadPool Worker] INFO  Microsoft.AspNetCore.Mvc.Infrastructure.ControllerActionInvoker - Executed action StudentApp.API.Controllers.EmployeesController.Put (StudentApp.API) in 22.7922ms
2025-01-09 16:03:12,890 [.NET ThreadPool Worker] INFO  Microsoft.AspNetCore.Hosting.Diagnostics - Request finished HTTP/2 PUT https://localhost:5001/v1/api/employees/1/ application/json 258 - 200 - application/json;+charset=utf-8 38.4762ms
2025-01-09 16:03:12,984 [.NET ThreadPool Worker] INFO  Microsoft.AspNetCore.Hosting.Diagnostics - Request starting HTTP/2 OPTIONS https://localhost:5001/v1/api/employees?page=1&itemsPerPage=20 - -
2025-01-09 16:03:12,985 [.NET ThreadPool Worker] INFO  Microsoft.AspNetCore.Cors.Infrastructure.CorsService - CORS policy execution successful.
2025-01-09 16:03:12,986 [.NET ThreadPool Worker] INFO  Microsoft.AspNetCore.Hosting.Diagnostics - Request finished HTTP/2 OPTIONS https://localhost:5001/v1/api/employees?page=1&itemsPerPage=20 - - - 204 - - 1.5975ms
2025-01-09 16:03:12,991 [.NET ThreadPool Worker] INFO  Microsoft.AspNetCore.Hosting.Diagnostics - Request starting HTTP/2 GET https://localhost:5001/v1/api/employees?page=1&itemsPerPage=20 - -
2025-01-09 16:03:12,992 [.NET ThreadPool Worker] INFO  Microsoft.AspNetCore.Cors.Infrastructure.CorsService - CORS policy execution successful.
2025-01-09 16:03:12,993 [.NET ThreadPool Worker] INFO  Microsoft.AspNetCore.Authentication.JwtBearer.JwtBearerHandler - Successfully validated the token.
2025-01-09 16:03:12,995 [.NET ThreadPool Worker] INFO  Microsoft.AspNetCore.Mvc.Infrastructure.ControllerActionInvoker - Route matched with {action = "Get", controller = "Employees"}. Executing controller action with signature Microsoft.AspNetCore.Mvc.ActionResult Get(Int32, Int32, System.String) on controller StudentApp.API.Controllers.EmployeesController (StudentApp.API).
2025-01-09 16:03:13,020 [.NET ThreadPool Worker] INFO  Microsoft.AspNetCore.Mvc.Infrastructure.ObjectResultExecutor - Executing OkObjectResult, writing value of type 'StudentApp.Utility.APIResponse'.
2025-01-09 16:03:13,020 [.NET ThreadPool Worker] INFO  Microsoft.AspNetCore.Mvc.Infrastructure.ControllerActionInvoker - Executed action StudentApp.API.Controllers.EmployeesController.Get (StudentApp.API) in 24.8505ms
2025-01-09 16:03:13,021 [.NET ThreadPool Worker] INFO  Microsoft.AspNetCore.Hosting.Diagnostics - Request finished HTTP/2 GET https://localhost:5001/v1/api/employees?page=1&itemsPerPage=20 - - - 200 - application/json;+charset=utf-8 29.3013ms
2025-01-09 16:03:23,149 [.NET ThreadPool Worker] INFO  Microsoft.AspNetCore.Hosting.Diagnostics - Request starting HTTP/2 OPTIONS https://localhost:5001/v1/api/employees/ - -
2025-01-09 16:03:23,150 [.NET ThreadPool Worker] INFO  Microsoft.AspNetCore.Cors.Infrastructure.CorsService - CORS policy execution successful.
2025-01-09 16:03:23,150 [.NET ThreadPool Worker] INFO  Microsoft.AspNetCore.Hosting.Diagnostics - Request finished HTTP/2 OPTIONS https://localhost:5001/v1/api/employees/ - - - 204 - - 0.5807ms
2025-01-09 16:03:23,170 [.NET ThreadPool Worker] INFO  Microsoft.AspNetCore.Hosting.Diagnostics - Request starting HTTP/2 POST https://localhost:5001/v1/api/employees/ application/json 232
2025-01-09 16:03:23,170 [.NET ThreadPool Worker] INFO  Microsoft.AspNetCore.Cors.Infrastructure.CorsService - CORS policy execution successful.
2025-01-09 16:03:23,171 [.NET ThreadPool Worker] INFO  Microsoft.AspNetCore.Authentication.JwtBearer.JwtBearerHandler - Successfully validated the token.
2025-01-09 16:03:23,171 [.NET ThreadPool Worker] INFO  Microsoft.AspNetCore.Mvc.Infrastructure.ControllerActionInvoker - Route matched with {action = "Post", controller = "Employees"}. Executing controller action with signature Microsoft.AspNetCore.Mvc.ActionResult Post(StudentApp.Model.EmployeesModel) on controller StudentApp.API.Controllers.EmployeesController (StudentApp.API).
2025-01-09 16:03:23,206 [.NET ThreadPool Worker] INFO  Microsoft.AspNetCore.Mvc.Infrastructure.ObjectResultExecutor - Executing OkObjectResult, writing value of type 'StudentApp.Utility.APIResponse'.
2025-01-09 16:03:23,206 [.NET ThreadPool Worker] INFO  Microsoft.AspNetCore.Mvc.Infrastructure.ControllerActionInvoker - Executed action StudentApp.API.Controllers.EmployeesController.Post (StudentApp.API) in 34.7396ms
2025-01-09 16:03:23,206 [.NET ThreadPool Worker] INFO  Microsoft.AspNetCore.Hosting.Diagnostics - Request finished HTTP/2 POST https://localhost:5001/v1/api/employees/ application/json 232 - 200 - application/json;+charset=utf-8 36.3628ms
2025-01-09 16:03:23,338 [.NET ThreadPool Worker] INFO  Microsoft.AspNetCore.Hosting.Diagnostics - Request starting HTTP/2 OPTIONS https://localhost:5001/v1/api/employees?page=1&itemsPerPage=20 - -
2025-01-09 16:03:23,339 [.NET ThreadPool Worker] INFO  Microsoft.AspNetCore.Cors.Infrastructure.CorsService - CORS policy execution successful.
2025-01-09 16:03:23,340 [.NET ThreadPool Worker] INFO  Microsoft.AspNetCore.Hosting.Diagnostics - Request finished HTTP/2 OPTIONS https://localhost:5001/v1/api/employees?page=1&itemsPerPage=20 - - - 204 - - 1.8141ms
2025-01-09 16:03:23,347 [.NET ThreadPool Worker] INFO  Microsoft.AspNetCore.Hosting.Diagnostics - Request starting HTTP/2 GET https://localhost:5001/v1/api/employees?page=1&itemsPerPage=20 - -
2025-01-09 16:03:23,348 [.NET ThreadPool Worker] INFO  Microsoft.AspNetCore.Cors.Infrastructure.CorsService - CORS policy execution successful.
2025-01-09 16:03:23,348 [.NET ThreadPool Worker] INFO  Microsoft.AspNetCore.Authentication.JwtBearer.JwtBearerHandler - Successfully validated the token.
2025-01-09 16:03:23,348 [.NET ThreadPool Worker] INFO  Microsoft.AspNetCore.Mvc.Infrastructure.ControllerActionInvoker - Route matched with {action = "Get", controller = "Employees"}. Executing controller action with signature Microsoft.AspNetCore.Mvc.ActionResult Get(Int32, Int32, System.String) on controller StudentApp.API.Controllers.EmployeesController (StudentApp.API).
2025-01-09 16:03:23,397 [.NET ThreadPool Worker] INFO  Microsoft.AspNetCore.Mvc.Infrastructure.ObjectResultExecutor - Executing OkObjectResult, writing value of type 'StudentApp.Utility.APIResponse'.
2025-01-09 16:03:23,397 [.NET ThreadPool Worker] INFO  Microsoft.AspNetCore.Mvc.Infrastructure.ControllerActionInvoker - Executed action StudentApp.API.Controllers.EmployeesController.Get (StudentApp.API) in 48.437ms
2025-01-09 16:03:23,397 [.NET ThreadPool Worker] INFO  Microsoft.AspNetCore.Hosting.Diagnostics - Request finished HTTP/2 GET https://localhost:5001/v1/api/employees?page=1&itemsPerPage=20 - - - 200 - application/json;+charset=utf-8 49.8390ms
2025-01-09 16:03:30,466 [.NET ThreadPool Worker] INFO  Microsoft.AspNetCore.Hosting.Diagnostics - Request starting HTTP/2 OPTIONS https://localhost:5001/v1/api/employees/2/ - -
2025-01-09 16:03:30,468 [.NET ThreadPool Worker] INFO  Microsoft.AspNetCore.Cors.Infrastructure.CorsService - CORS policy execution successful.
2025-01-09 16:03:30,470 [.NET ThreadPool Worker] INFO  Microsoft.AspNetCore.Hosting.Diagnostics - Request finished HTTP/2 OPTIONS https://localhost:5001/v1/api/employees/2/ - - - 204 - - 3.9293ms
2025-01-09 16:03:30,477 [.NET ThreadPool Worker] INFO  Microsoft.AspNetCore.Hosting.Diagnostics - Request starting HTTP/2 PUT https://localhost:5001/v1/api/employees/2/ application/json 266
2025-01-09 16:03:30,477 [.NET ThreadPool Worker] INFO  Microsoft.AspNetCore.Cors.Infrastructure.CorsService - CORS policy execution successful.
2025-01-09 16:03:30,479 [.NET ThreadPool Worker] INFO  Microsoft.AspNetCore.Authentication.JwtBearer.JwtBearerHandler - Successfully validated the token.
2025-01-09 16:03:30,479 [.NET ThreadPool Worker] INFO  Microsoft.AspNetCore.Mvc.Infrastructure.ControllerActionInvoker - Route matched with {action = "Put", controller = "Employees"}. Executing controller action with signature Microsoft.AspNetCore.Mvc.ActionResult Put(Int32, StudentApp.Model.EmployeesModel) on controller StudentApp.API.Controllers.EmployeesController (StudentApp.API).
2025-01-09 16:03:30,513 [.NET ThreadPool Worker] INFO  Microsoft.AspNetCore.Mvc.Infrastructure.ObjectResultExecutor - Executing OkObjectResult, writing value of type 'StudentApp.Utility.APIResponse'.
2025-01-09 16:03:30,514 [.NET ThreadPool Worker] INFO  Microsoft.AspNetCore.Mvc.Infrastructure.ControllerActionInvoker - Executed action StudentApp.API.Controllers.EmployeesController.Put (StudentApp.API) in 34.0506ms
2025-01-09 16:03:30,514 [.NET ThreadPool Worker] INFO  Microsoft.AspNetCore.Hosting.Diagnostics - Request finished HTTP/2 PUT https://localhost:5001/v1/api/employees/2/ application/json 266 - 200 - application/json;+charset=utf-8 37.0039ms
2025-01-09 16:03:30,617 [.NET ThreadPool Worker] INFO  Microsoft.AspNetCore.Hosting.Diagnostics - Request starting HTTP/2 OPTIONS https://localhost:5001/v1/api/employees?page=1&itemsPerPage=20 - -
2025-01-09 16:03:30,617 [.NET ThreadPool Worker] INFO  Microsoft.AspNetCore.Cors.Infrastructure.CorsService - CORS policy execution successful.
2025-01-09 16:03:30,618 [.NET ThreadPool Worker] INFO  Microsoft.AspNetCore.Hosting.Diagnostics - Request finished HTTP/2 OPTIONS https://localhost:5001/v1/api/employees?page=1&itemsPerPage=20 - - - 204 - - 0.4047ms
2025-01-09 16:03:30,622 [.NET ThreadPool Worker] INFO  Microsoft.AspNetCore.Hosting.Diagnostics - Request starting HTTP/2 GET https://localhost:5001/v1/api/employees?page=1&itemsPerPage=20 - -
2025-01-09 16:03:30,622 [.NET ThreadPool Worker] INFO  Microsoft.AspNetCore.Cors.Infrastructure.CorsService - CORS policy execution successful.
2025-01-09 16:03:30,624 [.NET ThreadPool Worker] INFO  Microsoft.AspNetCore.Authentication.JwtBearer.JwtBearerHandler - Successfully validated the token.
2025-01-09 16:03:30,626 [.NET ThreadPool Worker] INFO  Microsoft.AspNetCore.Mvc.Infrastructure.ControllerActionInvoker - Route matched with {action = "Get", controller = "Employees"}. Executing controller action with signature Microsoft.AspNetCore.Mvc.ActionResult Get(Int32, Int32, System.String) on controller StudentApp.API.Controllers.EmployeesController (StudentApp.API).
2025-01-09 16:03:30,638 [.NET ThreadPool Worker] INFO  Microsoft.AspNetCore.Mvc.Infrastructure.ObjectResultExecutor - Executing OkObjectResult, writing value of type 'StudentApp.Utility.APIResponse'.
2025-01-09 16:03:30,638 [.NET ThreadPool Worker] INFO  Microsoft.AspNetCore.Mvc.Infrastructure.ControllerActionInvoker - Executed action StudentApp.API.Controllers.EmployeesController.Get (StudentApp.API) in 12.2707ms
2025-01-09 16:03:30,639 [.NET ThreadPool Worker] INFO  Microsoft.AspNetCore.Hosting.Diagnostics - Request finished HTTP/2 GET https://localhost:5001/v1/api/employees?page=1&itemsPerPage=20 - - - 200 - application/json;+charset=utf-8 16.7971ms
2025-01-09 16:03:42,221 [.NET ThreadPool Worker] INFO  Microsoft.AspNetCore.Hosting.Diagnostics - Request starting HTTP/2 OPTIONS https://localhost:5001/v1/api/employees?page=1&itemsPerPage=1 - -
2025-01-09 16:03:42,226 [.NET ThreadPool Worker] INFO  Microsoft.AspNetCore.Cors.Infrastructure.CorsService - CORS policy execution successful.
2025-01-09 16:03:42,228 [.NET ThreadPool Worker] INFO  Microsoft.AspNetCore.Hosting.Diagnostics - Request finished HTTP/2 OPTIONS https://localhost:5001/v1/api/employees?page=1&itemsPerPage=1 - - - 204 - - 5.9283ms
2025-01-09 16:03:42,241 [.NET ThreadPool Worker] INFO  Microsoft.AspNetCore.Hosting.Diagnostics - Request starting HTTP/2 GET https://localhost:5001/v1/api/employees?page=1&itemsPerPage=1 - -
2025-01-09 16:03:42,241 [.NET ThreadPool Worker] INFO  Microsoft.AspNetCore.Cors.Infrastructure.CorsService - CORS policy execution successful.
2025-01-09 16:03:42,242 [.NET ThreadPool Worker] INFO  Microsoft.AspNetCore.Authentication.JwtBearer.JwtBearerHandler - Successfully validated the token.
2025-01-09 16:03:42,243 [.NET ThreadPool Worker] INFO  Microsoft.AspNetCore.Mvc.Infrastructure.ControllerActionInvoker - Route matched with {action = "Get", controller = "Employees"}. Executing controller action with signature Microsoft.AspNetCore.Mvc.ActionResult Get(Int32, Int32, System.String) on controller StudentApp.API.Controllers.EmployeesController (StudentApp.API).
2025-01-09 16:03:42,308 [.NET ThreadPool Worker] INFO  Microsoft.AspNetCore.Mvc.Infrastructure.ObjectResultExecutor - Executing OkObjectResult, writing value of type 'StudentApp.Utility.APIResponse'.
2025-01-09 16:03:42,309 [.NET ThreadPool Worker] INFO  Microsoft.AspNetCore.Mvc.Infrastructure.ControllerActionInvoker - Executed action StudentApp.API.Controllers.EmployeesController.Get (StudentApp.API) in 65.7778ms
2025-01-09 16:03:42,309 [.NET ThreadPool Worker] INFO  Microsoft.AspNetCore.Hosting.Diagnostics - Request finished HTTP/2 GET https://localhost:5001/v1/api/employees?page=1&itemsPerPage=1 - - - 200 - application/json;+charset=utf-8 68.0840ms
2025-01-09 16:03:55,694 [.NET ThreadPool Worker] INFO  Microsoft.AspNetCore.Hosting.Diagnostics - Request starting HTTP/2 OPTIONS https://localhost:5001/v1/api/dnd_ui_versions/2 - -
2025-01-09 16:03:55,694 [.NET ThreadPool Worker] INFO  Microsoft.AspNetCore.Cors.Infrastructure.CorsService - CORS policy execution successful.
2025-01-09 16:03:55,695 [.NET ThreadPool Worker] INFO  Microsoft.AspNetCore.Hosting.Diagnostics - Request finished HTTP/2 OPTIONS https://localhost:5001/v1/api/dnd_ui_versions/2 - - - 204 - - 3.0479ms
2025-01-09 16:03:55,814 [.NET ThreadPool Worker] INFO  Microsoft.AspNetCore.Hosting.Diagnostics - Request starting HTTP/2 GET https://localhost:5001/v1/api/dnd_ui_versions/2 - -
2025-01-09 16:03:55,814 [.NET ThreadPool Worker] INFO  Microsoft.AspNetCore.Cors.Infrastructure.CorsService - CORS policy execution successful.
2025-01-09 16:03:55,815 [.NET ThreadPool Worker] INFO  Microsoft.AspNetCore.Authentication.JwtBearer.JwtBearerHandler - Successfully validated the token.
2025-01-09 16:03:55,816 [.NET ThreadPool Worker] INFO  Microsoft.AspNetCore.Mvc.Infrastructure.ControllerActionInvoker - Route matched with {action = "GetById", controller = "Dnd_ui_versions"}. Executing controller action with signature Microsoft.AspNetCore.Mvc.ActionResult GetById(Int32) on controller StudentApp.API.Controllers.Dnd_ui_versionsController (StudentApp.API).
2025-01-09 16:03:55,847 [.NET ThreadPool Worker] INFO  Microsoft.AspNetCore.Mvc.Infrastructure.ObjectResultExecutor - Executing OkObjectResult, writing value of type 'StudentApp.Utility.APIResponse'.
2025-01-09 16:03:55,847 [.NET ThreadPool Worker] INFO  Microsoft.AspNetCore.Mvc.Infrastructure.ControllerActionInvoker - Executed action StudentApp.API.Controllers.Dnd_ui_versionsController.GetById (StudentApp.API) in 30.4419ms
2025-01-09 16:03:55,847 [.NET ThreadPool Worker] INFO  Microsoft.AspNetCore.Hosting.Diagnostics - Request finished HTTP/2 GET https://localhost:5001/v1/api/dnd_ui_versions/2 - - - 200 - application/json;+charset=utf-8 33.0679ms
