2025-01-09 16:02:21,963 [.NET ThreadPool Worker] INFO  Microsoft.AspNetCore.Hosting.Diagnostics - Request starting HTTP/2 OPTIONS https://localhost:5001/v1/api/dnd_ui_versions/1 - -
2025-01-09 16:02:21,976 [.NET ThreadPool Worker] INFO  Microsoft.AspNetCore.Cors.Infrastructure.CorsService - CORS policy execution successful.
2025-01-09 16:02:22,033 [.NET ThreadPool Worker] INFO  Microsoft.AspNetCore.Hosting.Diagnostics - Request finished HTTP/2 OPTIONS https://localhost:5001/v1/api/dnd_ui_versions/1 - - - 204 - - 69.5962ms
2025-01-09 16:02:22,170 [.NET ThreadPool Worker] INFO  Microsoft.AspNetCore.Hosting.Diagnostics - Request starting HTTP/2 GET https://localhost:5001/v1/api/dnd_ui_versions/1 - -
2025-01-09 16:02:22,171 [.NET ThreadPool Worker] INFO  Microsoft.AspNetCore.Cors.Infrastructure.CorsService - CORS policy execution successful.
2025-01-09 16:02:22,172 [.NET ThreadPool Worker] INFO  Microsoft.AspNetCore.Authentication.JwtBearer.JwtBearerHandler - Successfully validated the token.
2025-01-09 16:02:22,172 [.NET ThreadPool Worker] INFO  Microsoft.AspNetCore.Mvc.Infrastructure.ControllerActionInvoker - Route matched with {action = "GetById", controller = "Dnd_ui_versions"}. Executing controller action with signature Microsoft.AspNetCore.Mvc.ActionResult GetById(Int32) on controller StudentApp.API.Controllers.Dnd_ui_versionsController (StudentApp.API).
2025-01-09 16:02:22,181 [.NET ThreadPool Worker] INFO  Microsoft.AspNetCore.Mvc.Infrastructure.ObjectResultExecutor - Executing OkObjectResult, writing value of type 'StudentApp.Utility.APIResponse'.
2025-01-09 16:02:22,181 [.NET ThreadPool Worker] INFO  Microsoft.AspNetCore.Mvc.Infrastructure.ControllerActionInvoker - Executed action StudentApp.API.Controllers.Dnd_ui_versionsController.GetById (StudentApp.API) in 9.0975ms
2025-01-09 16:02:22,181 [.NET ThreadPool Worker] INFO  Microsoft.AspNetCore.Hosting.Diagnostics - Request finished HTTP/2 GET https://localhost:5001/v1/api/dnd_ui_versions/1 - - - 200 - application/json;+charset=utf-8 11.1995ms
2025-01-09 16:02:22,404 [.NET ThreadPool Worker] INFO  Microsoft.AspNetCore.Hosting.Diagnostics - Request starting HTTP/2 OPTIONS https://localhost:5001/v1/api/dnd_ui_versions/ - -
2025-01-09 16:02:22,405 [.NET ThreadPool Worker] INFO  Microsoft.AspNetCore.Cors.Infrastructure.CorsService - CORS policy execution successful.
2025-01-09 16:02:22,407 [.NET ThreadPool Worker] INFO  Microsoft.AspNetCore.Hosting.Diagnostics - Request finished HTTP/2 OPTIONS https://localhost:5001/v1/api/dnd_ui_versions/ - - - 204 - - 3.1585ms
2025-01-09 16:02:22,448 [.NET ThreadPool Worker] INFO  Microsoft.AspNetCore.Hosting.Diagnostics - Request starting HTTP/2 POST https://localhost:5001/v1/api/dnd_ui_versions/ application/json 4737
2025-01-09 16:02:22,448 [.NET ThreadPool Worker] INFO  Microsoft.AspNetCore.Cors.Infrastructure.CorsService - CORS policy execution successful.
2025-01-09 16:02:22,448 [.NET ThreadPool Worker] INFO  Microsoft.AspNetCore.Authentication.JwtBearer.JwtBearerHandler - Successfully validated the token.
2025-01-09 16:02:22,451 [.NET ThreadPool Worker] INFO  Microsoft.AspNetCore.Mvc.Infrastructure.ControllerActionInvoker - Route matched with {action = "Post", controller = "Dnd_ui_versions"}. Executing controller action with signature Microsoft.AspNetCore.Mvc.ActionResult Post(StudentApp.Model.Dnd_ui_versionsModel) on controller StudentApp.API.Controllers.Dnd_ui_versionsController (StudentApp.API).
2025-01-09 16:02:22,604 [.NET ThreadPool Worker] INFO  Microsoft.AspNetCore.Mvc.Infrastructure.ObjectResultExecutor - Executing OkObjectResult, writing value of type 'StudentApp.Utility.APIResponse'.
2025-01-09 16:02:22,606 [.NET ThreadPool Worker] INFO  Microsoft.AspNetCore.Mvc.Infrastructure.ControllerActionInvoker - Executed action StudentApp.API.Controllers.Dnd_ui_versionsController.Post (StudentApp.API) in 154.8994ms
2025-01-09 16:02:22,607 [.NET ThreadPool Worker] INFO  Microsoft.AspNetCore.Hosting.Diagnostics - Request finished HTTP/2 POST https://localhost:5001/v1/api/dnd_ui_versions/ application/json 4737 - 200 - application/json;+charset=utf-8 159.0144ms
2025-01-09 16:02:27,155 [.NET ThreadPool Worker] INFO  Microsoft.AspNetCore.Hosting.Diagnostics - Request starting HTTP/2 OPTIONS https://localhost:5001/v1/api/dnd_ui_versions/2 - -
2025-01-09 16:02:27,159 [.NET ThreadPool Worker] INFO  Microsoft.AspNetCore.Cors.Infrastructure.CorsService - CORS policy execution successful.
2025-01-09 16:02:27,159 [.NET ThreadPool Worker] INFO  Microsoft.AspNetCore.Hosting.Diagnostics - Request finished HTTP/2 OPTIONS https://localhost:5001/v1/api/dnd_ui_versions/2 - - - 204 - - 5.6324ms
2025-01-09 16:02:27,167 [.NET ThreadPool Worker] INFO  Microsoft.AspNetCore.Hosting.Diagnostics - Request starting HTTP/2 GET https://localhost:5001/v1/api/dnd_ui_versions/2 - -
2025-01-09 16:02:27,167 [.NET ThreadPool Worker] INFO  Microsoft.AspNetCore.Cors.Infrastructure.CorsService - CORS policy execution successful.
2025-01-09 16:02:27,168 [.NET ThreadPool Worker] INFO  Microsoft.AspNetCore.Authentication.JwtBearer.JwtBearerHandler - Successfully validated the token.
2025-01-09 16:02:27,173 [.NET ThreadPool Worker] INFO  Microsoft.AspNetCore.Mvc.Infrastructure.ControllerActionInvoker - Route matched with {action = "GetById", controller = "Dnd_ui_versions"}. Executing controller action with signature Microsoft.AspNetCore.Mvc.ActionResult GetById(Int32) on controller StudentApp.API.Controllers.Dnd_ui_versionsController (StudentApp.API).
2025-01-09 16:02:27,196 [.NET ThreadPool Worker] INFO  Microsoft.AspNetCore.Mvc.Infrastructure.ObjectResultExecutor - Executing OkObjectResult, writing value of type 'StudentApp.Utility.APIResponse'.
2025-01-09 16:02:27,197 [.NET ThreadPool Worker] INFO  Microsoft.AspNetCore.Mvc.Infrastructure.ControllerActionInvoker - Executed action StudentApp.API.Controllers.Dnd_ui_versionsController.GetById (StudentApp.API) in 22.1399ms
2025-01-09 16:02:27,197 [.NET ThreadPool Worker] INFO  Microsoft.AspNetCore.Hosting.Diagnostics - Request finished HTTP/2 GET https://localhost:5001/v1/api/dnd_ui_versions/2 - - - 200 - application/json;+charset=utf-8 29.6219ms
2025-01-09 16:02:27,350 [.NET ThreadPool Worker] INFO  Microsoft.AspNetCore.Hosting.Diagnostics - Request starting HTTP/2 POST https://localhost:5001/v1/api/dnd_ui_versions/ application/json 4737
2025-01-09 16:02:27,351 [.NET ThreadPool Worker] INFO  Microsoft.AspNetCore.Cors.Infrastructure.CorsService - CORS policy execution successful.
2025-01-09 16:02:27,351 [.NET ThreadPool Worker] INFO  Microsoft.AspNetCore.Authentication.JwtBearer.JwtBearerHandler - Successfully validated the token.
2025-01-09 16:02:27,351 [.NET ThreadPool Worker] INFO  Microsoft.AspNetCore.Mvc.Infrastructure.ControllerActionInvoker - Route matched with {action = "Post", controller = "Dnd_ui_versions"}. Executing controller action with signature Microsoft.AspNetCore.Mvc.ActionResult Post(StudentApp.Model.Dnd_ui_versionsModel) on controller StudentApp.API.Controllers.Dnd_ui_versionsController (StudentApp.API).
2025-01-09 16:02:27,368 [.NET ThreadPool Worker] INFO  Microsoft.AspNetCore.Mvc.Infrastructure.ObjectResultExecutor - Executing OkObjectResult, writing value of type 'StudentApp.Utility.APIResponse'.
2025-01-09 16:02:27,369 [.NET ThreadPool Worker] INFO  Microsoft.AspNetCore.Mvc.Infrastructure.ControllerActionInvoker - Executed action StudentApp.API.Controllers.Dnd_ui_versionsController.Post (StudentApp.API) in 17.2122ms
2025-01-09 16:02:27,369 [.NET ThreadPool Worker] INFO  Microsoft.AspNetCore.Hosting.Diagnostics - Request finished HTTP/2 POST https://localhost:5001/v1/api/dnd_ui_versions/ application/json 4737 - 200 - application/json;+charset=utf-8 20.2858ms
2025-01-09 16:02:31,504 [.NET ThreadPool Worker] INFO  Microsoft.AspNetCore.Hosting.Diagnostics - Request starting HTTP/2 GET https://localhost:5001/v1/api/dnd_ui_versions/2 - -
2025-01-09 16:02:31,505 [.NET ThreadPool Worker] INFO  Microsoft.AspNetCore.Cors.Infrastructure.CorsService - CORS policy execution successful.
2025-01-09 16:02:31,506 [.NET ThreadPool Worker] INFO  Microsoft.AspNetCore.Authentication.JwtBearer.JwtBearerHandler - Successfully validated the token.
2025-01-09 16:02:31,508 [.NET ThreadPool Worker] INFO  Microsoft.AspNetCore.Mvc.Infrastructure.ControllerActionInvoker - Route matched with {action = "GetById", controller = "Dnd_ui_versions"}. Executing controller action with signature Microsoft.AspNetCore.Mvc.ActionResult GetById(Int32) on controller StudentApp.API.Controllers.Dnd_ui_versionsController (StudentApp.API).
2025-01-09 16:02:31,567 [.NET ThreadPool Worker] INFO  Microsoft.AspNetCore.Mvc.Infrastructure.ObjectResultExecutor - Executing OkObjectResult, writing value of type 'StudentApp.Utility.APIResponse'.
2025-01-09 16:02:31,573 [.NET ThreadPool Worker] INFO  Microsoft.AspNetCore.Mvc.Infrastructure.ControllerActionInvoker - Executed action StudentApp.API.Controllers.Dnd_ui_versionsController.GetById (StudentApp.API) in 64.8638ms
2025-01-09 16:02:31,573 [.NET ThreadPool Worker] INFO  Microsoft.AspNetCore.Hosting.Diagnostics - Request finished HTTP/2 GET https://localhost:5001/v1/api/dnd_ui_versions/2 - - - 200 - application/json;+charset=utf-8 69.2112ms
2025-01-09 16:02:50,004 [.NET ThreadPool Worker] INFO  Microsoft.AspNetCore.Hosting.Diagnostics - Request starting HTTP/2 OPTIONS https://localhost:5001/v1/api/employees?page=1&itemsPerPage=100 - -
2025-01-09 16:02:50,004 [.NET ThreadPool Worker] INFO  Microsoft.AspNetCore.Hosting.Diagnostics - Request starting HTTP/2 OPTIONS https://localhost:5001/v1/api/employees?page=1&itemsPerPage=100 - -
2025-01-09 16:02:50,004 [.NET ThreadPool Worker] INFO  Microsoft.AspNetCore.Hosting.Diagnostics - Request starting HTTP/2 OPTIONS https://localhost:5001/v1/api/employees?page=1&itemsPerPage=20 - -
2025-01-09 16:02:50,004 [.NET ThreadPool Worker] INFO  Microsoft.AspNetCore.Hosting.Diagnostics - Request starting HTTP/2 OPTIONS https://localhost:5001/v1/api/employees?page=1&itemsPerPage=20 - -
2025-01-09 16:02:50,004 [.NET ThreadPool Worker] INFO  Microsoft.AspNetCore.Cors.Infrastructure.CorsService - CORS policy execution successful.
2025-01-09 16:02:50,004 [.NET ThreadPool Worker] INFO  Microsoft.AspNetCore.Cors.Infrastructure.CorsService - CORS policy execution successful.
2025-01-09 16:02:50,004 [.NET ThreadPool Worker] INFO  Microsoft.AspNetCore.Cors.Infrastructure.CorsService - CORS policy execution successful.
2025-01-09 16:02:50,004 [.NET ThreadPool Worker] INFO  Microsoft.AspNetCore.Cors.Infrastructure.CorsService - CORS policy execution successful.
2025-01-09 16:02:50,005 [.NET ThreadPool Worker] INFO  Microsoft.AspNetCore.Hosting.Diagnostics - Request finished HTTP/2 OPTIONS https://localhost:5001/v1/api/employees?page=1&itemsPerPage=20 - - - 204 - - 0.4403ms
2025-01-09 16:02:50,005 [.NET ThreadPool Worker] INFO  Microsoft.AspNetCore.Hosting.Diagnostics - Request finished HTTP/2 OPTIONS https://localhost:5001/v1/api/employees?page=1&itemsPerPage=100 - - - 204 - - 0.5762ms
2025-01-09 16:02:50,005 [.NET ThreadPool Worker] INFO  Microsoft.AspNetCore.Hosting.Diagnostics - Request finished HTTP/2 OPTIONS https://localhost:5001/v1/api/employees?page=1&itemsPerPage=100 - - - 204 - - 0.6311ms
2025-01-09 16:02:50,005 [.NET ThreadPool Worker] INFO  Microsoft.AspNetCore.Hosting.Diagnostics - Request finished HTTP/2 OPTIONS https://localhost:5001/v1/api/employees?page=1&itemsPerPage=20 - - - 204 - - 0.5830ms
2025-01-09 16:02:50,019 [.NET ThreadPool Worker] INFO  Microsoft.AspNetCore.Hosting.Diagnostics - Request starting HTTP/2 GET https://localhost:5001/v1/api/employees?page=1&itemsPerPage=100 - -
2025-01-09 16:02:50,020 [.NET ThreadPool Worker] INFO  Microsoft.AspNetCore.Cors.Infrastructure.CorsService - CORS policy execution successful.
2025-01-09 16:02:50,020 [.NET ThreadPool Worker] INFO  Microsoft.AspNetCore.Hosting.Diagnostics - Request starting HTTP/2 GET https://localhost:5001/v1/api/employees?page=1&itemsPerPage=20 - -
2025-01-09 16:02:50,021 [.NET ThreadPool Worker] INFO  Microsoft.AspNetCore.Cors.Infrastructure.CorsService - CORS policy execution successful.
2025-01-09 16:02:50,021 [.NET ThreadPool Worker] INFO  Microsoft.AspNetCore.Authentication.JwtBearer.JwtBearerHandler - Successfully validated the token.
2025-01-09 16:02:50,021 [.NET ThreadPool Worker] INFO  Microsoft.AspNetCore.Authentication.JwtBearer.JwtBearerHandler - Successfully validated the token.
2025-01-09 16:02:50,021 [.NET ThreadPool Worker] INFO  Microsoft.AspNetCore.Mvc.Infrastructure.ControllerActionInvoker - Route matched with {action = "Get", controller = "Employees"}. Executing controller action with signature Microsoft.AspNetCore.Mvc.ActionResult Get(Int32, Int32, System.String) on controller StudentApp.API.Controllers.EmployeesController (StudentApp.API).
2025-01-09 16:02:50,021 [.NET ThreadPool Worker] INFO  Microsoft.AspNetCore.Mvc.Infrastructure.ControllerActionInvoker - Route matched with {action = "Get", controller = "Employees"}. Executing controller action with signature Microsoft.AspNetCore.Mvc.ActionResult Get(Int32, Int32, System.String) on controller StudentApp.API.Controllers.EmployeesController (StudentApp.API).
2025-01-09 16:02:50,034 [.NET ThreadPool Worker] INFO  Microsoft.AspNetCore.Mvc.Infrastructure.ObjectResultExecutor - Executing OkObjectResult, writing value of type 'StudentApp.Utility.APIResponse'.
2025-01-09 16:02:50,035 [.NET ThreadPool Worker] INFO  Microsoft.AspNetCore.Mvc.Infrastructure.ControllerActionInvoker - Executed action StudentApp.API.Controllers.EmployeesController.Get (StudentApp.API) in 13.2345ms
2025-01-09 16:02:50,035 [.NET ThreadPool Worker] INFO  Microsoft.AspNetCore.Hosting.Diagnostics - Request finished HTTP/2 GET https://localhost:5001/v1/api/employees?page=1&itemsPerPage=20 - - - 200 - application/json;+charset=utf-8 14.4077ms
2025-01-09 16:02:50,037 [.NET ThreadPool Worker] INFO  Microsoft.AspNetCore.Mvc.Infrastructure.ObjectResultExecutor - Executing OkObjectResult, writing value of type 'StudentApp.Utility.APIResponse'.
2025-01-09 16:02:50,037 [.NET ThreadPool Worker] INFO  Microsoft.AspNetCore.Mvc.Infrastructure.ControllerActionInvoker - Executed action StudentApp.API.Controllers.EmployeesController.Get (StudentApp.API) in 15.8514ms
2025-01-09 16:02:50,038 [.NET ThreadPool Worker] INFO  Microsoft.AspNetCore.Hosting.Diagnostics - Request finished HTTP/2 GET https://localhost:5001/v1/api/employees?page=1&itemsPerPage=100 - - - 200 - application/json;+charset=utf-8 18.1147ms
2025-01-09 16:02:50,038 [.NET ThreadPool Worker] INFO  Microsoft.AspNetCore.Hosting.Diagnostics - Request starting HTTP/2 GET https://localhost:5001/v1/api/employees?page=1&itemsPerPage=20 - -
2025-01-09 16:02:50,038 [.NET ThreadPool Worker] INFO  Microsoft.AspNetCore.Cors.Infrastructure.CorsService - CORS policy execution successful.
2025-01-09 16:02:50,038 [.NET ThreadPool Worker] INFO  Microsoft.AspNetCore.Authentication.JwtBearer.JwtBearerHandler - Successfully validated the token.
2025-01-09 16:02:50,039 [.NET ThreadPool Worker] INFO  Microsoft.AspNetCore.Mvc.Infrastructure.ControllerActionInvoker - Route matched with {action = "Get", controller = "Employees"}. Executing controller action with signature Microsoft.AspNetCore.Mvc.ActionResult Get(Int32, Int32, System.String) on controller StudentApp.API.Controllers.EmployeesController (StudentApp.API).
2025-01-09 16:02:50,042 [.NET ThreadPool Worker] INFO  Microsoft.AspNetCore.Hosting.Diagnostics - Request starting HTTP/2 GET https://localhost:5001/v1/api/employees?page=1&itemsPerPage=100 - -
2025-01-09 16:02:50,042 [.NET ThreadPool Worker] INFO  Microsoft.AspNetCore.Cors.Infrastructure.CorsService - CORS policy execution successful.
2025-01-09 16:02:50,043 [.NET ThreadPool Worker] INFO  Microsoft.AspNetCore.Authentication.JwtBearer.JwtBearerHandler - Successfully validated the token.
2025-01-09 16:02:50,044 [.NET ThreadPool Worker] INFO  Microsoft.AspNetCore.Mvc.Infrastructure.ControllerActionInvoker - Route matched with {action = "Get", controller = "Employees"}. Executing controller action with signature Microsoft.AspNetCore.Mvc.ActionResult Get(Int32, Int32, System.String) on controller StudentApp.API.Controllers.EmployeesController (StudentApp.API).
2025-01-09 16:02:50,051 [.NET ThreadPool Worker] INFO  Microsoft.AspNetCore.Mvc.Infrastructure.ObjectResultExecutor - Executing OkObjectResult, writing value of type 'StudentApp.Utility.APIResponse'.
2025-01-09 16:02:50,051 [.NET ThreadPool Worker] INFO  Microsoft.AspNetCore.Mvc.Infrastructure.ControllerActionInvoker - Executed action StudentApp.API.Controllers.EmployeesController.Get (StudentApp.API) in 12.3389ms
2025-01-09 16:02:50,052 [.NET ThreadPool Worker] INFO  Microsoft.AspNetCore.Hosting.Diagnostics - Request finished HTTP/2 GET https://localhost:5001/v1/api/employees?page=1&itemsPerPage=20 - - - 200 - application/json;+charset=utf-8 13.6465ms
2025-01-09 16:02:50,056 [.NET ThreadPool Worker] INFO  Microsoft.AspNetCore.Mvc.Infrastructure.ObjectResultExecutor - Executing OkObjectResult, writing value of type 'StudentApp.Utility.APIResponse'.
2025-01-09 16:02:50,056 [.NET ThreadPool Worker] INFO  Microsoft.AspNetCore.Mvc.Infrastructure.ControllerActionInvoker - Executed action StudentApp.API.Controllers.EmployeesController.Get (StudentApp.API) in 11.7785ms
2025-01-09 16:02:50,056 [.NET ThreadPool Worker] INFO  Microsoft.AspNetCore.Hosting.Diagnostics - Request finished HTTP/2 GET https://localhost:5001/v1/api/employees?page=1&itemsPerPage=100 - - - 200 - application/json;+charset=utf-8 14.7924ms
2025-01-09 16:02:50,566 [.NET ThreadPool Worker] INFO  Microsoft.AspNetCore.Hosting.Diagnostics - Request starting HTTP/2 OPTIONS https://localhost:5001/v1/api/employees?page=NaN&itemsPerPage=20 - -
2025-01-09 16:02:50,567 [.NET ThreadPool Worker] INFO  Microsoft.AspNetCore.Cors.Infrastructure.CorsService - CORS policy execution successful.
2025-01-09 16:02:50,567 [.NET ThreadPool Worker] INFO  Microsoft.AspNetCore.Hosting.Diagnostics - Request finished HTTP/2 OPTIONS https://localhost:5001/v1/api/employees?page=NaN&itemsPerPage=20 - - - 204 - - 0.4150ms
2025-01-09 16:02:50,570 [.NET ThreadPool Worker] INFO  Microsoft.AspNetCore.Hosting.Diagnostics - Request starting HTTP/2 GET https://localhost:5001/v1/api/employees?page=NaN&itemsPerPage=20 - -
2025-01-09 16:02:50,570 [.NET ThreadPool Worker] INFO  Microsoft.AspNetCore.Cors.Infrastructure.CorsService - CORS policy execution successful.
2025-01-09 16:02:50,571 [.NET ThreadPool Worker] INFO  Microsoft.AspNetCore.Authentication.JwtBearer.JwtBearerHandler - Successfully validated the token.
2025-01-09 16:02:50,571 [.NET ThreadPool Worker] INFO  Microsoft.AspNetCore.Mvc.Infrastructure.ControllerActionInvoker - Route matched with {action = "Get", controller = "Employees"}. Executing controller action with signature Microsoft.AspNetCore.Mvc.ActionResult Get(Int32, Int32, System.String) on controller StudentApp.API.Controllers.EmployeesController (StudentApp.API).
2025-01-09 16:02:50,576 [.NET ThreadPool Worker] INFO  Microsoft.AspNetCore.Mvc.Infrastructure.ObjectResultExecutor - Executing BadRequestObjectResult, writing value of type 'Microsoft.AspNetCore.Mvc.ValidationProblemDetails'.
2025-01-09 16:02:50,577 [.NET ThreadPool Worker] INFO  Microsoft.AspNetCore.Mvc.Infrastructure.ControllerActionInvoker - Executed action StudentApp.API.Controllers.EmployeesController.Get (StudentApp.API) in 4.5332ms
2025-01-09 16:02:50,577 [.NET ThreadPool Worker] INFO  Microsoft.AspNetCore.Hosting.Diagnostics - Request finished HTTP/2 GET https://localhost:5001/v1/api/employees?page=NaN&itemsPerPage=20 - - - 400 - application/problem+json;+charset=utf-8 6.4403ms
2025-01-09 16:02:50,715 [.NET ThreadPool Worker] INFO  Microsoft.AspNetCore.Hosting.Diagnostics - Request starting HTTP/2 OPTIONS https://localhost:5001/v1/api/employees?page=NaN&itemsPerPage=undefined - -
2025-01-09 16:02:50,715 [.NET ThreadPool Worker] INFO  Microsoft.AspNetCore.Cors.Infrastructure.CorsService - CORS policy execution successful.
2025-01-09 16:02:50,716 [.NET ThreadPool Worker] INFO  Microsoft.AspNetCore.Hosting.Diagnostics - Request finished HTTP/2 OPTIONS https://localhost:5001/v1/api/employees?page=NaN&itemsPerPage=undefined - - - 204 - - 0.4153ms
2025-01-09 16:02:50,719 [.NET ThreadPool Worker] INFO  Microsoft.AspNetCore.Hosting.Diagnostics - Request starting HTTP/2 GET https://localhost:5001/v1/api/employees?page=NaN&itemsPerPage=undefined - -
2025-01-09 16:02:50,719 [.NET ThreadPool Worker] INFO  Microsoft.AspNetCore.Cors.Infrastructure.CorsService - CORS policy execution successful.
2025-01-09 16:02:50,720 [.NET ThreadPool Worker] INFO  Microsoft.AspNetCore.Authentication.JwtBearer.JwtBearerHandler - Successfully validated the token.
2025-01-09 16:02:50,720 [.NET ThreadPool Worker] INFO  Microsoft.AspNetCore.Mvc.Infrastructure.ControllerActionInvoker - Route matched with {action = "Get", controller = "Employees"}. Executing controller action with signature Microsoft.AspNetCore.Mvc.ActionResult Get(Int32, Int32, System.String) on controller StudentApp.API.Controllers.EmployeesController (StudentApp.API).
2025-01-09 16:02:50,723 [.NET ThreadPool Worker] INFO  Microsoft.AspNetCore.Mvc.Infrastructure.ObjectResultExecutor - Executing BadRequestObjectResult, writing value of type 'Microsoft.AspNetCore.Mvc.ValidationProblemDetails'.
2025-01-09 16:02:50,724 [.NET ThreadPool Worker] INFO  Microsoft.AspNetCore.Mvc.Infrastructure.ControllerActionInvoker - Executed action StudentApp.API.Controllers.EmployeesController.Get (StudentApp.API) in 2.6062ms
2025-01-09 16:02:50,724 [.NET ThreadPool Worker] INFO  Microsoft.AspNetCore.Hosting.Diagnostics - Request finished HTTP/2 GET https://localhost:5001/v1/api/employees?page=NaN&itemsPerPage=undefined - - - 400 - application/problem+json;+charset=utf-8 4.6691ms
2025-01-09 16:02:55,997 [.NET ThreadPool Worker] INFO  Microsoft.AspNetCore.Hosting.Diagnostics - Request starting HTTP/2 OPTIONS https://localhost:5001/v1/api/employees?page=1&itemsPerPage=100 - -
2025-01-09 16:02:55,997 [.NET ThreadPool Worker] INFO  Microsoft.AspNetCore.Cors.Infrastructure.CorsService - CORS policy execution successful.
2025-01-09 16:02:55,997 [.NET ThreadPool Worker] INFO  Microsoft.AspNetCore.Hosting.Diagnostics - Request finished HTTP/2 OPTIONS https://localhost:5001/v1/api/employees?page=1&itemsPerPage=100 - - - 204 - - 0.3487ms
2025-01-09 16:02:56,001 [.NET ThreadPool Worker] INFO  Microsoft.AspNetCore.Hosting.Diagnostics - Request starting HTTP/2 GET https://localhost:5001/v1/api/employees?page=1&itemsPerPage=100 - -
2025-01-09 16:02:56,002 [.NET ThreadPool Worker] INFO  Microsoft.AspNetCore.Cors.Infrastructure.CorsService - CORS policy execution successful.
2025-01-09 16:02:56,002 [.NET ThreadPool Worker] INFO  Microsoft.AspNetCore.Authentication.JwtBearer.JwtBearerHandler - Successfully validated the token.
2025-01-09 16:02:56,003 [.NET ThreadPool Worker] INFO  Microsoft.AspNetCore.Mvc.Infrastructure.ControllerActionInvoker - Route matched with {action = "Get", controller = "Employees"}. Executing controller action with signature Microsoft.AspNetCore.Mvc.ActionResult Get(Int32, Int32, System.String) on controller StudentApp.API.Controllers.EmployeesController (StudentApp.API).
2025-01-09 16:02:56,109 [.NET ThreadPool Worker] INFO  Microsoft.AspNetCore.Mvc.Infrastructure.ObjectResultExecutor - Executing OkObjectResult, writing value of type 'StudentApp.Utility.APIResponse'.
2025-01-09 16:02:56,109 [.NET ThreadPool Worker] INFO  Microsoft.AspNetCore.Mvc.Infrastructure.ControllerActionInvoker - Executed action StudentApp.API.Controllers.EmployeesController.Get (StudentApp.API) in 105.5137ms
2025-01-09 16:02:56,109 [.NET ThreadPool Worker] INFO  Microsoft.AspNetCore.Hosting.Diagnostics - Request finished HTTP/2 GET https://localhost:5001/v1/api/employees?page=1&itemsPerPage=100 - - - 200 - application/json;+charset=utf-8 108.3863ms
2025-01-09 16:02:59,822 [.NET ThreadPool Worker] INFO  Microsoft.AspNetCore.Hosting.Diagnostics - Request starting HTTP/2 OPTIONS https://localhost:5001/v1/api/employees/ - -
2025-01-09 16:02:59,822 [.NET ThreadPool Worker] INFO  Microsoft.AspNetCore.Cors.Infrastructure.CorsService - CORS policy execution successful.
2025-01-09 16:02:59,823 [.NET ThreadPool Worker] INFO  Microsoft.AspNetCore.Hosting.Diagnostics - Request finished HTTP/2 OPTIONS https://localhost:5001/v1/api/employees/ - - - 204 - - 1.0905ms
2025-01-09 16:02:59,826 [.NET ThreadPool Worker] INFO  Microsoft.AspNetCore.Hosting.Diagnostics - Request starting HTTP/2 POST https://localhost:5001/v1/api/employees/ application/json 224
2025-01-09 16:02:59,826 [.NET ThreadPool Worker] INFO  Microsoft.AspNetCore.Cors.Infrastructure.CorsService - CORS policy execution successful.
2025-01-09 16:02:59,826 [.NET ThreadPool Worker] INFO  Microsoft.AspNetCore.Authentication.JwtBearer.JwtBearerHandler - Successfully validated the token.
2025-01-09 16:02:59,831 [.NET ThreadPool Worker] INFO  Microsoft.AspNetCore.Mvc.Infrastructure.ControllerActionInvoker - Route matched with {action = "Post", controller = "Employees"}. Executing controller action with signature Microsoft.AspNetCore.Mvc.ActionResult Post(StudentApp.Model.EmployeesModel) on controller StudentApp.API.Controllers.EmployeesController (StudentApp.API).
2025-01-09 16:02:59,855 [.NET ThreadPool Worker] INFO  Microsoft.AspNetCore.Mvc.Infrastructure.ObjectResultExecutor - Executing OkObjectResult, writing value of type 'StudentApp.Utility.APIResponse'.
2025-01-09 16:02:59,855 [.NET ThreadPool Worker] INFO  Microsoft.AspNetCore.Mvc.Infrastructure.ControllerActionInvoker - Executed action StudentApp.API.Controllers.EmployeesController.Post (StudentApp.API) in 23.8347ms
2025-01-09 16:02:59,855 [.NET ThreadPool Worker] INFO  Microsoft.AspNetCore.Hosting.Diagnostics - Request finished HTTP/2 POST https://localhost:5001/v1/api/employees/ application/json 224 - 200 - application/json;+charset=utf-8 29.7080ms
2025-01-09 16:02:59,968 [.NET ThreadPool Worker] INFO  Microsoft.AspNetCore.Hosting.Diagnostics - Request starting HTTP/2 OPTIONS https://localhost:5001/v1/api/employees?page=1&itemsPerPage=20 - -
2025-01-09 16:02:59,969 [.NET ThreadPool Worker] INFO  Microsoft.AspNetCore.Cors.Infrastructure.CorsService - CORS policy execution successful.
2025-01-09 16:02:59,969 [.NET ThreadPool Worker] INFO  Microsoft.AspNetCore.Hosting.Diagnostics - Request finished HTTP/2 OPTIONS https://localhost:5001/v1/api/employees?page=1&itemsPerPage=20 - - - 204 - - 1.0138ms
2025-01-09 16:02:59,972 [.NET ThreadPool Worker] INFO  Microsoft.AspNetCore.Hosting.Diagnostics - Request starting HTTP/2 GET https://localhost:5001/v1/api/employees?page=1&itemsPerPage=20 - -
2025-01-09 16:02:59,973 [.NET ThreadPool Worker] INFO  Microsoft.AspNetCore.Cors.Infrastructure.CorsService - CORS policy execution successful.
2025-01-09 16:02:59,973 [.NET ThreadPool Worker] INFO  Microsoft.AspNetCore.Authentication.JwtBearer.JwtBearerHandler - Successfully validated the token.
2025-01-09 16:02:59,973 [.NET ThreadPool Worker] INFO  Microsoft.AspNetCore.Mvc.Infrastructure.ControllerActionInvoker - Route matched with {action = "Get", controller = "Employees"}. Executing controller action with signature Microsoft.AspNetCore.Mvc.ActionResult Get(Int32, Int32, System.String) on controller StudentApp.API.Controllers.EmployeesController (StudentApp.API).
2025-01-09 16:02:59,988 [.NET ThreadPool Worker] INFO  Microsoft.AspNetCore.Mvc.Infrastructure.ObjectResultExecutor - Executing OkObjectResult, writing value of type 'StudentApp.Utility.APIResponse'.
2025-01-09 16:02:59,997 [.NET ThreadPool Worker] INFO  Microsoft.AspNetCore.Mvc.Infrastructure.ControllerActionInvoker - Executed action StudentApp.API.Controllers.EmployeesController.Get (StudentApp.API) in 23.3525ms
2025-01-09 16:02:59,997 [.NET ThreadPool Worker] INFO  Microsoft.AspNetCore.Hosting.Diagnostics - Request finished HTTP/2 GET https://localhost:5001/v1/api/employees?page=1&itemsPerPage=20 - - - 200 - application/json;+charset=utf-8 24.5332ms
