2025-01-09 16:01:51,332 [.NET ThreadPool Worker] INFO  Microsoft.AspNetCore.Hosting.Diagnostics - Request starting HTTP/2 OPTIONS https://localhost:5001/v1/api/employees?page=1&itemsPerPage=20 - -
2025-01-09 16:01:51,332 [.NET ThreadPool Worker] INFO  Microsoft.AspNetCore.Hosting.Diagnostics - Request starting HTTP/2 OPTIONS https://localhost:5001/v1/api/employees?page=1&itemsPerPage=100 - -
2025-01-09 16:01:51,333 [.NET ThreadPool Worker] INFO  Microsoft.AspNetCore.Hosting.Diagnostics - Request starting HTTP/2 OPTIONS https://localhost:5001/v1/api/employees?page=1&itemsPerPage=20 - -
2025-01-09 16:01:51,333 [.NET ThreadPool Worker] INFO  Microsoft.AspNetCore.Cors.Infrastructure.CorsService - CORS policy execution successful.
2025-01-09 16:01:51,334 [.NET ThreadPool Worker] INFO  Microsoft.AspNetCore.Cors.Infrastructure.CorsService - CORS policy execution successful.
2025-01-09 16:01:51,334 [.NET ThreadPool Worker] INFO  Microsoft.AspNetCore.Hosting.Diagnostics - Request finished HTTP/2 OPTIONS https://localhost:5001/v1/api/employees?page=1&itemsPerPage=20 - - - 204 - - 1.8093ms
2025-01-09 16:01:51,334 [.NET ThreadPool Worker] INFO  Microsoft.AspNetCore.Hosting.Diagnostics - Request finished HTTP/2 OPTIONS https://localhost:5001/v1/api/employees?page=1&itemsPerPage=20 - - - 204 - - 1.0882ms
2025-01-09 16:01:51,333 [.NET ThreadPool Worker] INFO  Microsoft.AspNetCore.Cors.Infrastructure.CorsService - CORS policy execution successful.
2025-01-09 16:01:51,334 [.NET ThreadPool Worker] INFO  Microsoft.AspNetCore.Hosting.Diagnostics - Request finished HTTP/2 OPTIONS https://localhost:5001/v1/api/employees?page=1&itemsPerPage=100 - - - 204 - - 2.0224ms
2025-01-09 16:01:51,335 [.NET ThreadPool Worker] INFO  Microsoft.AspNetCore.Hosting.Diagnostics - Request starting HTTP/2 OPTIONS https://localhost:5001/v1/api/employees?page=1&itemsPerPage=100 - -
2025-01-09 16:01:51,337 [.NET ThreadPool Worker] INFO  Microsoft.AspNetCore.Cors.Infrastructure.CorsService - CORS policy execution successful.
2025-01-09 16:01:51,337 [.NET ThreadPool Worker] INFO  Microsoft.AspNetCore.Hosting.Diagnostics - Request finished HTTP/2 OPTIONS https://localhost:5001/v1/api/employees?page=1&itemsPerPage=100 - - - 204 - - 2.6281ms
2025-01-09 16:01:51,341 [.NET ThreadPool Worker] INFO  Microsoft.AspNetCore.Hosting.Diagnostics - Request starting HTTP/2 GET https://localhost:5001/v1/api/employees?page=1&itemsPerPage=20 - -
2025-01-09 16:01:51,341 [.NET ThreadPool Worker] INFO  Microsoft.AspNetCore.Cors.Infrastructure.CorsService - CORS policy execution successful.
2025-01-09 16:01:51,341 [.NET ThreadPool Worker] INFO  Microsoft.AspNetCore.Hosting.Diagnostics - Request starting HTTP/2 GET https://localhost:5001/v1/api/employees?page=1&itemsPerPage=100 - -
2025-01-09 16:01:51,341 [.NET ThreadPool Worker] INFO  Microsoft.AspNetCore.Cors.Infrastructure.CorsService - CORS policy execution successful.
2025-01-09 16:01:51,342 [.NET ThreadPool Worker] INFO  Microsoft.AspNetCore.Authentication.JwtBearer.JwtBearerHandler - Successfully validated the token.
2025-01-09 16:01:51,342 [.NET ThreadPool Worker] INFO  Microsoft.AspNetCore.Authentication.JwtBearer.JwtBearerHandler - Successfully validated the token.
2025-01-09 16:01:51,347 [.NET ThreadPool Worker] INFO  Microsoft.AspNetCore.Mvc.Infrastructure.ControllerActionInvoker - Route matched with {action = "Get", controller = "Employees"}. Executing controller action with signature Microsoft.AspNetCore.Mvc.ActionResult Get(Int32, Int32, System.String) on controller StudentApp.API.Controllers.EmployeesController (StudentApp.API).
2025-01-09 16:01:51,351 [.NET ThreadPool Worker] INFO  Microsoft.AspNetCore.Mvc.Infrastructure.ControllerActionInvoker - Route matched with {action = "Get", controller = "Employees"}. Executing controller action with signature Microsoft.AspNetCore.Mvc.ActionResult Get(Int32, Int32, System.String) on controller StudentApp.API.Controllers.EmployeesController (StudentApp.API).
2025-01-09 16:01:51,394 [.NET ThreadPool Worker] INFO  Microsoft.AspNetCore.Mvc.Infrastructure.ObjectResultExecutor - Executing OkObjectResult, writing value of type 'StudentApp.Utility.APIResponse'.
2025-01-09 16:01:51,394 [.NET ThreadPool Worker] INFO  Microsoft.AspNetCore.Mvc.Infrastructure.ControllerActionInvoker - Executed action StudentApp.API.Controllers.EmployeesController.Get (StudentApp.API) in 46.8353ms
2025-01-09 16:01:51,395 [.NET ThreadPool Worker] INFO  Microsoft.AspNetCore.Hosting.Diagnostics - Request finished HTTP/2 GET https://localhost:5001/v1/api/employees?page=1&itemsPerPage=20 - - - 200 - application/json;+charset=utf-8 53.8846ms
2025-01-09 16:01:51,400 [.NET ThreadPool Worker] INFO  Microsoft.AspNetCore.Mvc.Infrastructure.ObjectResultExecutor - Executing OkObjectResult, writing value of type 'StudentApp.Utility.APIResponse'.
2025-01-09 16:01:51,400 [.NET ThreadPool Worker] INFO  Microsoft.AspNetCore.Mvc.Infrastructure.ControllerActionInvoker - Executed action StudentApp.API.Controllers.EmployeesController.Get (StudentApp.API) in 48.7253ms
2025-01-09 16:01:51,400 [.NET ThreadPool Worker] INFO  Microsoft.AspNetCore.Hosting.Diagnostics - Request finished HTTP/2 GET https://localhost:5001/v1/api/employees?page=1&itemsPerPage=100 - - - 200 - application/json;+charset=utf-8 59.1168ms
2025-01-09 16:01:51,400 [.NET ThreadPool Worker] INFO  Microsoft.AspNetCore.Hosting.Diagnostics - Request starting HTTP/2 GET https://localhost:5001/v1/api/employees?page=1&itemsPerPage=20 - -
2025-01-09 16:01:51,401 [.NET ThreadPool Worker] INFO  Microsoft.AspNetCore.Cors.Infrastructure.CorsService - CORS policy execution successful.
2025-01-09 16:01:51,401 [.NET ThreadPool Worker] INFO  Microsoft.AspNetCore.Authentication.JwtBearer.JwtBearerHandler - Successfully validated the token.
2025-01-09 16:01:51,401 [.NET ThreadPool Worker] INFO  Microsoft.AspNetCore.Mvc.Infrastructure.ControllerActionInvoker - Route matched with {action = "Get", controller = "Employees"}. Executing controller action with signature Microsoft.AspNetCore.Mvc.ActionResult Get(Int32, Int32, System.String) on controller StudentApp.API.Controllers.EmployeesController (StudentApp.API).
2025-01-09 16:01:51,406 [.NET ThreadPool Worker] INFO  Microsoft.AspNetCore.Hosting.Diagnostics - Request starting HTTP/2 GET https://localhost:5001/v1/api/employees?page=1&itemsPerPage=100 - -
2025-01-09 16:01:51,407 [.NET ThreadPool Worker] INFO  Microsoft.AspNetCore.Cors.Infrastructure.CorsService - CORS policy execution successful.
2025-01-09 16:01:51,407 [.NET ThreadPool Worker] INFO  Microsoft.AspNetCore.Authentication.JwtBearer.JwtBearerHandler - Successfully validated the token.
2025-01-09 16:01:51,408 [.NET ThreadPool Worker] INFO  Microsoft.AspNetCore.Mvc.Infrastructure.ControllerActionInvoker - Route matched with {action = "Get", controller = "Employees"}. Executing controller action with signature Microsoft.AspNetCore.Mvc.ActionResult Get(Int32, Int32, System.String) on controller StudentApp.API.Controllers.EmployeesController (StudentApp.API).
2025-01-09 16:01:51,413 [.NET ThreadPool Worker] INFO  Microsoft.AspNetCore.Mvc.Infrastructure.ObjectResultExecutor - Executing OkObjectResult, writing value of type 'StudentApp.Utility.APIResponse'.
2025-01-09 16:01:51,414 [.NET ThreadPool Worker] INFO  Microsoft.AspNetCore.Mvc.Infrastructure.ControllerActionInvoker - Executed action StudentApp.API.Controllers.EmployeesController.Get (StudentApp.API) in 12.0551ms
2025-01-09 16:01:51,414 [.NET ThreadPool Worker] INFO  Microsoft.AspNetCore.Hosting.Diagnostics - Request finished HTTP/2 GET https://localhost:5001/v1/api/employees?page=1&itemsPerPage=20 - - - 200 - application/json;+charset=utf-8 13.7861ms
2025-01-09 16:01:51,422 [.NET ThreadPool Worker] INFO  Microsoft.AspNetCore.Mvc.Infrastructure.ObjectResultExecutor - Executing OkObjectResult, writing value of type 'StudentApp.Utility.APIResponse'.
2025-01-09 16:01:51,423 [.NET ThreadPool Worker] INFO  Microsoft.AspNetCore.Mvc.Infrastructure.ControllerActionInvoker - Executed action StudentApp.API.Controllers.EmployeesController.Get (StudentApp.API) in 14.828ms
2025-01-09 16:01:51,423 [.NET ThreadPool Worker] INFO  Microsoft.AspNetCore.Hosting.Diagnostics - Request finished HTTP/2 GET https://localhost:5001/v1/api/employees?page=1&itemsPerPage=100 - - - 200 - application/json;+charset=utf-8 16.3521ms
2025-01-09 16:01:51,851 [.NET ThreadPool Worker] INFO  Microsoft.AspNetCore.Hosting.Diagnostics - Request starting HTTP/2 OPTIONS https://localhost:5001/v1/api/employees?page=NaN&itemsPerPage=20 - -
2025-01-09 16:01:51,851 [.NET ThreadPool Worker] INFO  Microsoft.AspNetCore.Cors.Infrastructure.CorsService - CORS policy execution successful.
2025-01-09 16:01:51,852 [.NET ThreadPool Worker] INFO  Microsoft.AspNetCore.Hosting.Diagnostics - Request finished HTTP/2 OPTIONS https://localhost:5001/v1/api/employees?page=NaN&itemsPerPage=20 - - - 204 - - 0.5103ms
2025-01-09 16:01:51,857 [.NET ThreadPool Worker] INFO  Microsoft.AspNetCore.Hosting.Diagnostics - Request starting HTTP/2 GET https://localhost:5001/v1/api/employees?page=NaN&itemsPerPage=20 - -
2025-01-09 16:01:51,857 [.NET ThreadPool Worker] INFO  Microsoft.AspNetCore.Cors.Infrastructure.CorsService - CORS policy execution successful.
2025-01-09 16:01:51,858 [.NET ThreadPool Worker] INFO  Microsoft.AspNetCore.Authentication.JwtBearer.JwtBearerHandler - Successfully validated the token.
2025-01-09 16:01:51,859 [.NET ThreadPool Worker] INFO  Microsoft.AspNetCore.Mvc.Infrastructure.ControllerActionInvoker - Route matched with {action = "Get", controller = "Employees"}. Executing controller action with signature Microsoft.AspNetCore.Mvc.ActionResult Get(Int32, Int32, System.String) on controller StudentApp.API.Controllers.EmployeesController (StudentApp.API).
2025-01-09 16:01:51,886 [.NET ThreadPool Worker] INFO  Microsoft.AspNetCore.Mvc.Infrastructure.ObjectResultExecutor - Executing BadRequestObjectResult, writing value of type 'Microsoft.AspNetCore.Mvc.ValidationProblemDetails'.
2025-01-09 16:01:51,891 [.NET ThreadPool Worker] INFO  Microsoft.AspNetCore.Mvc.Infrastructure.ControllerActionInvoker - Executed action StudentApp.API.Controllers.EmployeesController.Get (StudentApp.API) in 32.1889ms
2025-01-09 16:01:51,891 [.NET ThreadPool Worker] INFO  Microsoft.AspNetCore.Hosting.Diagnostics - Request finished HTTP/2 GET https://localhost:5001/v1/api/employees?page=NaN&itemsPerPage=20 - - - 400 - application/problem+json;+charset=utf-8 34.4350ms
2025-01-09 16:01:52,005 [.NET ThreadPool Worker] INFO  Microsoft.AspNetCore.Hosting.Diagnostics - Request starting HTTP/2 OPTIONS https://localhost:5001/v1/api/employees?page=NaN&itemsPerPage=undefined - -
2025-01-09 16:01:52,005 [.NET ThreadPool Worker] INFO  Microsoft.AspNetCore.Cors.Infrastructure.CorsService - CORS policy execution successful.
2025-01-09 16:01:52,005 [.NET ThreadPool Worker] INFO  Microsoft.AspNetCore.Hosting.Diagnostics - Request finished HTTP/2 OPTIONS https://localhost:5001/v1/api/employees?page=NaN&itemsPerPage=undefined - - - 204 - - 0.8565ms
2025-01-09 16:01:52,008 [.NET ThreadPool Worker] INFO  Microsoft.AspNetCore.Hosting.Diagnostics - Request starting HTTP/2 GET https://localhost:5001/v1/api/employees?page=NaN&itemsPerPage=undefined - -
2025-01-09 16:01:52,008 [.NET ThreadPool Worker] INFO  Microsoft.AspNetCore.Cors.Infrastructure.CorsService - CORS policy execution successful.
2025-01-09 16:01:52,008 [.NET ThreadPool Worker] INFO  Microsoft.AspNetCore.Authentication.JwtBearer.JwtBearerHandler - Successfully validated the token.
2025-01-09 16:01:52,009 [.NET ThreadPool Worker] INFO  Microsoft.AspNetCore.Mvc.Infrastructure.ControllerActionInvoker - Route matched with {action = "Get", controller = "Employees"}. Executing controller action with signature Microsoft.AspNetCore.Mvc.ActionResult Get(Int32, Int32, System.String) on controller StudentApp.API.Controllers.EmployeesController (StudentApp.API).
2025-01-09 16:01:52,011 [.NET ThreadPool Worker] INFO  Microsoft.AspNetCore.Mvc.Infrastructure.ObjectResultExecutor - Executing BadRequestObjectResult, writing value of type 'Microsoft.AspNetCore.Mvc.ValidationProblemDetails'.
2025-01-09 16:01:52,012 [.NET ThreadPool Worker] INFO  Microsoft.AspNetCore.Mvc.Infrastructure.ControllerActionInvoker - Executed action StudentApp.API.Controllers.EmployeesController.Get (StudentApp.API) in 2.9158ms
2025-01-09 16:01:52,013 [.NET ThreadPool Worker] INFO  Microsoft.AspNetCore.Hosting.Diagnostics - Request finished HTTP/2 GET https://localhost:5001/v1/api/employees?page=NaN&itemsPerPage=undefined - - - 400 - application/problem+json;+charset=utf-8 4.9661ms
2025-01-09 16:01:57,637 [.NET ThreadPool Worker] INFO  Microsoft.AspNetCore.Hosting.Diagnostics - Request starting HTTP/2 OPTIONS https://localhost:5001/v1/api/s3bucket?page=1&itemsPerPage=20 - -
2025-01-09 16:01:57,638 [.NET ThreadPool Worker] INFO  Microsoft.AspNetCore.Cors.Infrastructure.CorsService - CORS policy execution successful.
2025-01-09 16:01:57,640 [.NET ThreadPool Worker] INFO  Microsoft.AspNetCore.Hosting.Diagnostics - Request finished HTTP/2 OPTIONS https://localhost:5001/v1/api/s3bucket?page=1&itemsPerPage=20 - - - 204 - - 2.3278ms
2025-01-09 16:01:57,640 [.NET ThreadPool Worker] INFO  Microsoft.AspNetCore.Hosting.Diagnostics - Request starting HTTP/2 OPTIONS https://localhost:5001/v1/api/s3bucket?page=1&itemsPerPage=20 - -
2025-01-09 16:01:57,640 [.NET ThreadPool Worker] INFO  Microsoft.AspNetCore.Cors.Infrastructure.CorsService - CORS policy execution successful.
2025-01-09 16:01:57,641 [.NET ThreadPool Worker] INFO  Microsoft.AspNetCore.Hosting.Diagnostics - Request finished HTTP/2 OPTIONS https://localhost:5001/v1/api/s3bucket?page=1&itemsPerPage=20 - - - 204 - - 0.5821ms
2025-01-09 16:01:57,642 [.NET ThreadPool Worker] INFO  Microsoft.AspNetCore.Hosting.Diagnostics - Request starting HTTP/2 OPTIONS https://localhost:5001/v1/api/s3bucket_folders?page=1&itemsPerPage=20 - -
2025-01-09 16:01:57,642 [.NET ThreadPool Worker] INFO  Microsoft.AspNetCore.Cors.Infrastructure.CorsService - CORS policy execution successful.
2025-01-09 16:01:57,644 [.NET ThreadPool Worker] INFO  Microsoft.AspNetCore.Hosting.Diagnostics - Request starting HTTP/2 GET https://localhost:5001/v1/api/s3bucket?page=1&itemsPerPage=20 - -
2025-01-09 16:01:57,644 [.NET ThreadPool Worker] INFO  Microsoft.AspNetCore.Cors.Infrastructure.CorsService - CORS policy execution successful.
2025-01-09 16:01:57,646 [.NET ThreadPool Worker] INFO  Microsoft.AspNetCore.Hosting.Diagnostics - Request finished HTTP/2 OPTIONS https://localhost:5001/v1/api/s3bucket_folders?page=1&itemsPerPage=20 - - - 204 - - 4.7855ms
2025-01-09 16:01:57,646 [.NET ThreadPool Worker] INFO  Microsoft.AspNetCore.Authentication.JwtBearer.JwtBearerHandler - Successfully validated the token.
2025-01-09 16:01:57,650 [.NET ThreadPool Worker] INFO  Microsoft.AspNetCore.Mvc.Infrastructure.ControllerActionInvoker - Route matched with {action = "Get", controller = "S3bucket"}. Executing controller action with signature Microsoft.AspNetCore.Mvc.ActionResult Get(Int32, Int32, System.String) on controller StudentApp.API.Controllers.S3bucketController (StudentApp.API).
2025-01-09 16:01:57,650 [.NET ThreadPool Worker] INFO  Microsoft.AspNetCore.Hosting.Diagnostics - Request starting HTTP/2 GET https://localhost:5001/v1/api/s3bucket_folders?page=1&itemsPerPage=20 - -
2025-01-09 16:01:57,651 [.NET ThreadPool Worker] INFO  Microsoft.AspNetCore.Cors.Infrastructure.CorsService - CORS policy execution successful.
2025-01-09 16:01:57,652 [.NET ThreadPool Worker] INFO  Microsoft.AspNetCore.Authentication.JwtBearer.JwtBearerHandler - Successfully validated the token.
2025-01-09 16:01:57,656 [.NET ThreadPool Worker] INFO  Microsoft.AspNetCore.Mvc.Infrastructure.ControllerActionInvoker - Route matched with {action = "Get", controller = "S3bucket_folders"}. Executing controller action with signature Microsoft.AspNetCore.Mvc.ActionResult Get(Int32, Int32, System.String) on controller StudentApp.API.Controllers.S3bucket_foldersController (StudentApp.API).
2025-01-09 16:01:57,668 [.NET ThreadPool Worker] INFO  Microsoft.AspNetCore.Mvc.Infrastructure.ObjectResultExecutor - Executing OkObjectResult, writing value of type 'StudentApp.Utility.APIResponse'.
2025-01-09 16:01:57,669 [.NET ThreadPool Worker] INFO  Microsoft.AspNetCore.Mvc.Infrastructure.ObjectResultExecutor - Executing OkObjectResult, writing value of type 'StudentApp.Utility.APIResponse'.
2025-01-09 16:01:57,669 [.NET ThreadPool Worker] INFO  Microsoft.AspNetCore.Mvc.Infrastructure.ControllerActionInvoker - Executed action StudentApp.API.Controllers.S3bucketController.Get (StudentApp.API) in 18.7865ms
2025-01-09 16:01:57,670 [.NET ThreadPool Worker] INFO  Microsoft.AspNetCore.Mvc.Infrastructure.ControllerActionInvoker - Executed action StudentApp.API.Controllers.S3bucket_foldersController.Get (StudentApp.API) in 13.6595ms
2025-01-09 16:01:57,670 [.NET ThreadPool Worker] INFO  Microsoft.AspNetCore.Hosting.Diagnostics - Request finished HTTP/2 GET https://localhost:5001/v1/api/s3bucket_folders?page=1&itemsPerPage=20 - - - 200 - application/json;+charset=utf-8 19.4649ms
2025-01-09 16:01:57,670 [.NET ThreadPool Worker] INFO  Microsoft.AspNetCore.Hosting.Diagnostics - Request finished HTTP/2 GET https://localhost:5001/v1/api/s3bucket?page=1&itemsPerPage=20 - - - 200 - application/json;+charset=utf-8 25.5332ms
2025-01-09 16:01:57,675 [.NET ThreadPool Worker] INFO  Microsoft.AspNetCore.Hosting.Diagnostics - Request starting HTTP/2 GET https://localhost:5001/v1/api/s3bucket?page=1&itemsPerPage=20 - -
2025-01-09 16:01:57,675 [.NET ThreadPool Worker] INFO  Microsoft.AspNetCore.Cors.Infrastructure.CorsService - CORS policy execution successful.
2025-01-09 16:01:57,676 [.NET ThreadPool Worker] INFO  Microsoft.AspNetCore.Authentication.JwtBearer.JwtBearerHandler - Successfully validated the token.
2025-01-09 16:01:57,676 [.NET ThreadPool Worker] INFO  Microsoft.AspNetCore.Mvc.Infrastructure.ControllerActionInvoker - Route matched with {action = "Get", controller = "S3bucket"}. Executing controller action with signature Microsoft.AspNetCore.Mvc.ActionResult Get(Int32, Int32, System.String) on controller StudentApp.API.Controllers.S3bucketController (StudentApp.API).
2025-01-09 16:01:57,681 [.NET ThreadPool Worker] INFO  Microsoft.AspNetCore.Mvc.Infrastructure.ObjectResultExecutor - Executing OkObjectResult, writing value of type 'StudentApp.Utility.APIResponse'.
2025-01-09 16:01:57,682 [.NET ThreadPool Worker] INFO  Microsoft.AspNetCore.Mvc.Infrastructure.ControllerActionInvoker - Executed action StudentApp.API.Controllers.S3bucketController.Get (StudentApp.API) in 4.992ms
2025-01-09 16:01:57,682 [.NET ThreadPool Worker] INFO  Microsoft.AspNetCore.Hosting.Diagnostics - Request finished HTTP/2 GET https://localhost:5001/v1/api/s3bucket?page=1&itemsPerPage=20 - - - 200 - application/json;+charset=utf-8 6.9975ms
